#! /usr/local/bin/vvp
:ivl_version "11.0 (devel)" "(s20150603-838-g40d2a49b-dirty)";
:ivl_delay_selection "TYPICAL";
:vpi_time_precision + 0;
:vpi_module "/usr/local/lib/ivl/system.vpi";
:vpi_module "/usr/local/lib/ivl/vhdl_sys.vpi";
:vpi_module "/usr/local/lib/ivl/vhdl_textio.vpi";
:vpi_module "/usr/local/lib/ivl/v2005_math.vpi";
:vpi_module "/usr/local/lib/ivl/va_math.vpi";
:vpi_module "/usr/local/lib/ivl/v2009.vpi";
S_0x7fda1ee158e0 .scope package, "$unit" "$unit" 2 1;
 .timescale 0 0;
S_0x7fda1ee31b40 .scope module, "test" "test" 3 2;
 .timescale 0 0;
v0x7fda1ee4ed60_0 .var "clk", 0 0;
v0x7fda1ee4ee70_0 .var "rst", 0 0;
v0x7fda1ee4ef00_0 .net "wd", 15 0, v0x7fda1ee4bcf0_0;  1 drivers
v0x7fda1ee4ef90_0 .net "we", 0 0, v0x7fda1ee4ae20_0;  1 drivers
S_0x7fda1ee30ed0 .scope module, "pu" "pu" 3 5, 4 2 0, S_0x7fda1ee31b40;
 .timescale 0 0;
    .port_info 0 /OUTPUT 1 "we";
    .port_info 1 /OUTPUT 16 "wd";
    .port_info 2 /INPUT 1 "clk";
    .port_info 3 /INPUT 1 "rst";
v0x7fda1ee4dd00_0 .net "a", 15 0, L_0x7fda1ee4f1a0;  1 drivers
v0x7fda1ee4ddf0_0 .net "arad", 1 0, v0x7fda1ee4a6b0_0;  1 drivers
v0x7fda1ee4de80_0 .net "b", 15 0, L_0x7fda1ee4f410;  1 drivers
v0x7fda1ee4df50_0 .net "bo", 15 0, v0x7fda1ee4c6b0_0;  1 drivers
v0x7fda1ee4dfe0_0 .net "brad", 1 0, v0x7fda1ee4a770_0;  1 drivers
v0x7fda1ee4e0f0_0 .net "clk", 0 0, v0x7fda1ee4ed60_0;  1 drivers
v0x7fda1ee4e180_0 .net "dmrd", 15 0, L_0x7fda1ee4f680;  1 drivers
v0x7fda1ee4e250_0 .net "dms", 0 0, v0x7fda1ee4a820_0;  1 drivers
v0x7fda1ee4e320_0 .net "dmwe", 0 0, v0x7fda1ee4a8d0_0;  1 drivers
v0x7fda1ee4e430_0 .net "h", 0 0, v0x7fda1ee4a970_0;  1 drivers
v0x7fda1ee4e500_0 .net "iv", 7 0, v0x7fda1ee4aa50_0;  1 drivers
v0x7fda1ee4e5d0_0 .net "liop", 1 0, v0x7fda1ee4ab00_0;  1 drivers
v0x7fda1ee4e6a0_0 .net "lp", 15 0, v0x7fda1ee4a230_0;  1 drivers
v0x7fda1ee4e770_0 .net "o", 15 0, v0x7fda1ee4c110_0;  1 drivers
v0x7fda1ee4e840_0 .net "op", 2 0, v0x7fda1ee4ac60_0;  1 drivers
v0x7fda1ee4e910_0 .net "pca", 5 0, v0x7fda1ee4cc60_0;  1 drivers
v0x7fda1ee4e9e0_0 .net "rst", 0 0, v0x7fda1ee4ee70_0;  1 drivers
v0x7fda1ee4ebb0_0 .net "wad", 1 0, v0x7fda1ee4ad90_0;  1 drivers
v0x7fda1ee4ec40_0 .net "wd", 15 0, v0x7fda1ee4bcf0_0;  alias, 1 drivers
v0x7fda1ee4ecd0_0 .net "we", 0 0, v0x7fda1ee4ae20_0;  alias, 1 drivers
L_0x7fda1ee4f730 .part v0x7fda1ee4a230_0, 0, 8;
S_0x7fda1ee3ca90 .scope module, "alu" "alu" 4 12, 5 2 0, S_0x7fda1ee30ed0;
 .timescale 0 0;
    .port_info 0 /INPUT 16 "a";
    .port_info 1 /INPUT 16 "b";
    .port_info 2 /INPUT 3 "op";
    .port_info 3 /OUTPUT 16 "r";
enum0x7fda1ee269d0 .enum2/s (32)
   "ADD" 0,
   "SUB" 1,
   "THU" 2,
   "ASL" 3,
   "RSL" 4,
   "RSR" 5,
   "NAD" 6,
   "XOR" 7
 ;
v0x7fda1ee15bf0_0 .net "a", 15 0, L_0x7fda1ee4f1a0;  alias, 1 drivers
v0x7fda1ee4a0c0_0 .net "b", 15 0, v0x7fda1ee4c6b0_0;  alias, 1 drivers
v0x7fda1ee4a170_0 .net "op", 2 0, v0x7fda1ee4ac60_0;  alias, 1 drivers
v0x7fda1ee4a230_0 .var "r", 15 0;
E_0x7fda1ee31040 .event edge, v0x7fda1ee4a170_0, v0x7fda1ee15bf0_0, v0x7fda1ee4a0c0_0;
S_0x7fda1ee4a340 .scope module, "dec" "dec" 4 15, 6 3 0, S_0x7fda1ee30ed0;
 .timescale 0 0;
    .port_info 0 /INPUT 16 "o";
    .port_info 1 /OUTPUT 1 "h";
    .port_info 2 /OUTPUT 1 "we";
    .port_info 3 /OUTPUT 2 "wad";
    .port_info 4 /OUTPUT 3 "op";
    .port_info 5 /OUTPUT 2 "brad";
    .port_info 6 /OUTPUT 2 "arad";
    .port_info 7 /OUTPUT 2 "liop";
    .port_info 8 /OUTPUT 8 "iv";
    .port_info 9 /OUTPUT 1 "dmwe";
    .port_info 10 /OUTPUT 1 "dms";
enum0x7fda1ee28390 .enum2/s (32)
   "THU" 0,
   "IMM" 1,
   "LIL" 2,
   "LIH" 3
 ;
v0x7fda1ee4a6b0_0 .var "arad", 1 0;
v0x7fda1ee4a770_0 .var "brad", 1 0;
v0x7fda1ee4a820_0 .var "dms", 0 0;
v0x7fda1ee4a8d0_0 .var "dmwe", 0 0;
v0x7fda1ee4a970_0 .var "h", 0 0;
v0x7fda1ee4aa50_0 .var "iv", 7 0;
v0x7fda1ee4ab00_0 .var "liop", 1 0;
v0x7fda1ee4abb0_0 .net "o", 15 0, v0x7fda1ee4c110_0;  alias, 1 drivers
v0x7fda1ee4ac60_0 .var "op", 2 0;
v0x7fda1ee4ad90_0 .var "wad", 1 0;
v0x7fda1ee4ae20_0 .var "we", 0 0;
E_0x7fda1ee4a680 .event edge, v0x7fda1ee4abb0_0;
S_0x7fda1ee4af90 .scope module, "dmem" "dmem" 4 16, 7 2 0, S_0x7fda1ee30ed0;
 .timescale 0 0;
    .port_info 0 /INPUT 8 "ad";
    .port_info 1 /INPUT 16 "wd";
    .port_info 2 /INPUT 1 "we";
    .port_info 3 /OUTPUT 16 "rd";
    .port_info 4 /INPUT 1 "clk";
L_0x7fda1ee4f680 .functor BUFZ 16, L_0x7fda1ee4f4c0, C4<0000000000000000>, C4<0000000000000000>, C4<0000000000000000>;
v0x7fda1ee4b200_0 .net *"_ivl_0", 15 0, L_0x7fda1ee4f4c0;  1 drivers
v0x7fda1ee4b2c0_0 .net *"_ivl_2", 9 0, L_0x7fda1ee4f560;  1 drivers
L_0x7fda1ed63098 .functor BUFT 1, C4<00>, C4<0>, C4<0>, C4<0>;
v0x7fda1ee4b370_0 .net *"_ivl_5", 1 0, L_0x7fda1ed63098;  1 drivers
v0x7fda1ee4b430_0 .net "ad", 7 0, L_0x7fda1ee4f730;  1 drivers
v0x7fda1ee4b4e0_0 .net "clk", 0 0, v0x7fda1ee4ed60_0;  alias, 1 drivers
v0x7fda1ee4b5c0 .array "dm", 0 255, 15 0;
v0x7fda1ee4b660_0 .net "rd", 15 0, L_0x7fda1ee4f680;  alias, 1 drivers
v0x7fda1ee4b710_0 .net "wd", 15 0, v0x7fda1ee4c6b0_0;  alias, 1 drivers
v0x7fda1ee4b7b0_0 .net "we", 0 0, v0x7fda1ee4a8d0_0;  alias, 1 drivers
E_0x7fda1ee4a540 .event posedge, v0x7fda1ee4b4e0_0;
L_0x7fda1ee4f4c0 .array/port v0x7fda1ee4b5c0, L_0x7fda1ee4f560;
L_0x7fda1ee4f560 .concat [ 8 2 0 0], L_0x7fda1ee4f730, L_0x7fda1ed63098;
S_0x7fda1ee4b900 .scope module, "dmsel" "sel" 4 17, 8 2 0, S_0x7fda1ee30ed0;
 .timescale 0 0;
    .port_info 0 /INPUT 16 "a";
    .port_info 1 /INPUT 16 "b";
    .port_info 2 /INPUT 1 "s";
    .port_info 3 /OUTPUT 16 "o";
v0x7fda1ee4bb70_0 .net "a", 15 0, v0x7fda1ee4a230_0;  alias, 1 drivers
v0x7fda1ee4bc40_0 .net "b", 15 0, L_0x7fda1ee4f680;  alias, 1 drivers
v0x7fda1ee4bcf0_0 .var "o", 15 0;
v0x7fda1ee4bda0_0 .net "s", 0 0, v0x7fda1ee4a820_0;  alias, 1 drivers
E_0x7fda1ee4a510 .event edge, v0x7fda1ee4a820_0, v0x7fda1ee4b660_0, v0x7fda1ee4a230_0;
S_0x7fda1ee4bea0 .scope module, "imem" "imem" 4 14, 9 2 0, S_0x7fda1ee30ed0;
 .timescale 0 0;
    .port_info 0 /INPUT 6 "pc";
    .port_info 1 /OUTPUT 16 "o";
v0x7fda1ee4c110_0 .var "o", 15 0;
v0x7fda1ee4c1c0_0 .net "pc", 5 0, v0x7fda1ee4cc60_0;  alias, 1 drivers
E_0x7fda1ee4c0d0 .event edge, v0x7fda1ee4c1c0_0;
S_0x7fda1ee4c290 .scope module, "lidx" "lidx" 4 11, 10 2 0, S_0x7fda1ee30ed0;
 .timescale 0 0;
    .port_info 0 /INPUT 16 "i";
    .port_info 1 /INPUT 8 "iv";
    .port_info 2 /INPUT 2 "op";
    .port_info 3 /OUTPUT 16 "o";
enum0x7fda1ee25cf0 .enum2/s (32)
   "THU" 0,
   "IMM" 1,
   "LIL" 2,
   "LIH" 3
 ;
v0x7fda1ee4c530_0 .net "i", 15 0, L_0x7fda1ee4f410;  alias, 1 drivers
v0x7fda1ee4c5f0_0 .net "iv", 7 0, v0x7fda1ee4aa50_0;  alias, 1 drivers
v0x7fda1ee4c6b0_0 .var "o", 15 0;
v0x7fda1ee4c7a0_0 .net "op", 1 0, v0x7fda1ee4ab00_0;  alias, 1 drivers
E_0x7fda1ee4c4d0 .event edge, v0x7fda1ee4ab00_0, v0x7fda1ee4c530_0, v0x7fda1ee4aa50_0;
S_0x7fda1ee4c880 .scope module, "pc" "pc" 4 13, 11 2 0, S_0x7fda1ee30ed0;
 .timescale 0 0;
    .port_info 0 /INPUT 1 "halt";
    .port_info 1 /OUTPUT 6 "pc";
    .port_info 2 /INPUT 1 "clk";
    .port_info 3 /INPUT 1 "rst";
v0x7fda1ee4caf0_0 .net "clk", 0 0, v0x7fda1ee4ed60_0;  alias, 1 drivers
v0x7fda1ee4cbb0_0 .net "halt", 0 0, v0x7fda1ee4a970_0;  alias, 1 drivers
v0x7fda1ee4cc60_0 .var "pc", 5 0;
v0x7fda1ee4cd30_0 .net "rst", 0 0, v0x7fda1ee4ee70_0;  alias, 1 drivers
E_0x7fda1ee4caa0 .event posedge, v0x7fda1ee4cd30_0, v0x7fda1ee4b4e0_0;
S_0x7fda1ee4ce00 .scope module, "rega" "rega" 4 10, 12 2 0, S_0x7fda1ee30ed0;
 .timescale 0 0;
    .port_info 0 /INPUT 2 "arad";
    .port_info 1 /INPUT 2 "brad";
    .port_info 2 /OUTPUT 16 "a";
    .port_info 3 /OUTPUT 16 "b";
    .port_info 4 /INPUT 1 "we";
    .port_info 5 /INPUT 2 "wad";
    .port_info 6 /INPUT 16 "wd";
    .port_info 7 /INPUT 1 "clk";
    .port_info 8 /INPUT 1 "rst";
L_0x7fda1ee4f1a0 .functor BUFZ 16, L_0x7fda1ee4f020, C4<0000000000000000>, C4<0000000000000000>, C4<0000000000000000>;
L_0x7fda1ee4f410 .functor BUFZ 16, L_0x7fda1ee4f250, C4<0000000000000000>, C4<0000000000000000>, C4<0000000000000000>;
v0x7fda1ee4d0f0_0 .net *"_ivl_0", 15 0, L_0x7fda1ee4f020;  1 drivers
v0x7fda1ee4d1b0_0 .net *"_ivl_10", 3 0, L_0x7fda1ee4f2f0;  1 drivers
L_0x7fda1ed63050 .functor BUFT 1, C4<00>, C4<0>, C4<0>, C4<0>;
v0x7fda1ee4d250_0 .net *"_ivl_13", 1 0, L_0x7fda1ed63050;  1 drivers
v0x7fda1ee4d300_0 .net *"_ivl_2", 3 0, L_0x7fda1ee4f0c0;  1 drivers
L_0x7fda1ed63008 .functor BUFT 1, C4<00>, C4<0>, C4<0>, C4<0>;
v0x7fda1ee4d3b0_0 .net *"_ivl_5", 1 0, L_0x7fda1ed63008;  1 drivers
v0x7fda1ee4d4a0_0 .net *"_ivl_8", 15 0, L_0x7fda1ee4f250;  1 drivers
v0x7fda1ee4d550_0 .net "a", 15 0, L_0x7fda1ee4f1a0;  alias, 1 drivers
v0x7fda1ee4d5f0_0 .net "arad", 1 0, v0x7fda1ee4a6b0_0;  alias, 1 drivers
v0x7fda1ee4d6a0_0 .net "b", 15 0, L_0x7fda1ee4f410;  alias, 1 drivers
v0x7fda1ee4d7d0_0 .net "brad", 1 0, v0x7fda1ee4a770_0;  alias, 1 drivers
v0x7fda1ee4d860_0 .net "clk", 0 0, v0x7fda1ee4ed60_0;  alias, 1 drivers
v0x7fda1ee4d930 .array "regar", 0 3, 15 0;
v0x7fda1ee4d9c0_0 .net "rst", 0 0, v0x7fda1ee4ee70_0;  alias, 1 drivers
v0x7fda1ee4da50_0 .net "wad", 1 0, v0x7fda1ee4ad90_0;  alias, 1 drivers
v0x7fda1ee4dae0_0 .net "wd", 15 0, v0x7fda1ee4bcf0_0;  alias, 1 drivers
v0x7fda1ee4db90_0 .net "we", 0 0, v0x7fda1ee4ae20_0;  alias, 1 drivers
L_0x7fda1ee4f020 .array/port v0x7fda1ee4d930, L_0x7fda1ee4f0c0;
L_0x7fda1ee4f0c0 .concat [ 2 2 0 0], v0x7fda1ee4a6b0_0, L_0x7fda1ed63008;
L_0x7fda1ee4f250 .array/port v0x7fda1ee4d930, L_0x7fda1ee4f2f0;
L_0x7fda1ee4f2f0 .concat [ 2 2 0 0], v0x7fda1ee4a770_0, L_0x7fda1ed63050;
    .scope S_0x7fda1ee4ce00;
T_0 ;
    %wait E_0x7fda1ee4caa0;
    %load/vec4 v0x7fda1ee4d9c0_0;
    %flag_set/vec4 8;
    %jmp/0xz  T_0.0, 8;
    %pushi/vec4 0, 0, 16;
    %ix/load 3, 0, 0;
    %flag_set/imm 4, 0;
    %ix/load 4, 0, 0; Constant delay
    %assign/vec4/a/d v0x7fda1ee4d930, 0, 4;
    %pushi/vec4 0, 0, 16;
    %ix/load 3, 1, 0;
    %flag_set/imm 4, 0;
    %ix/load 4, 0, 0; Constant delay
    %assign/vec4/a/d v0x7fda1ee4d930, 0, 4;
    %pushi/vec4 0, 0, 16;
    %ix/load 3, 2, 0;
    %flag_set/imm 4, 0;
    %ix/load 4, 0, 0; Constant delay
    %assign/vec4/a/d v0x7fda1ee4d930, 0, 4;
    %pushi/vec4 0, 0, 16;
    %ix/load 3, 3, 0;
    %flag_set/imm 4, 0;
    %ix/load 4, 0, 0; Constant delay
    %assign/vec4/a/d v0x7fda1ee4d930, 0, 4;
    %jmp T_0.1;
T_0.0 ;
    %load/vec4 v0x7fda1ee4db90_0;
    %flag_set/vec4 8;
    %jmp/0xz  T_0.2, 8;
    %load/vec4 v0x7fda1ee4dae0_0;
    %load/vec4 v0x7fda1ee4da50_0;
    %pad/u 4;
    %ix/vec4 3;
    %ix/load 4, 0, 0; Constant delay
    %assign/vec4/a/d v0x7fda1ee4d930, 0, 4;
T_0.2 ;
T_0.1 ;
    %jmp T_0;
    .thread T_0;
    .scope S_0x7fda1ee4c290;
T_1 ;
    %wait E_0x7fda1ee4c4d0;
    %load/vec4 v0x7fda1ee4c7a0_0;
    %dup/vec4;
    %pushi/vec4 0, 0, 2;
    %cmp/x;
    %jmp/1 T_1.0, 4;
    %dup/vec4;
    %pushi/vec4 1, 0, 2;
    %cmp/x;
    %jmp/1 T_1.1, 4;
    %dup/vec4;
    %pushi/vec4 2, 0, 2;
    %cmp/x;
    %jmp/1 T_1.2, 4;
    %dup/vec4;
    %pushi/vec4 3, 0, 2;
    %cmp/x;
    %jmp/1 T_1.3, 4;
    %jmp T_1.4;
T_1.0 ;
    %load/vec4 v0x7fda1ee4c530_0;
    %store/vec4 v0x7fda1ee4c6b0_0, 0, 16;
    %jmp T_1.4;
T_1.1 ;
    %pushi/vec4 0, 0, 8;
    %load/vec4 v0x7fda1ee4c5f0_0;
    %concat/vec4; draw_concat_vec4
    %store/vec4 v0x7fda1ee4c6b0_0, 0, 16;
    %jmp T_1.4;
T_1.2 ;
    %load/vec4 v0x7fda1ee4c530_0;
    %parti/s 8, 8, 5;
    %load/vec4 v0x7fda1ee4c5f0_0;
    %concat/vec4; draw_concat_vec4
    %store/vec4 v0x7fda1ee4c6b0_0, 0, 16;
    %jmp T_1.4;
T_1.3 ;
    %load/vec4 v0x7fda1ee4c5f0_0;
    %load/vec4 v0x7fda1ee4c530_0;
    %parti/s 8, 0, 2;
    %concat/vec4; draw_concat_vec4
    %store/vec4 v0x7fda1ee4c6b0_0, 0, 16;
    %jmp T_1.4;
T_1.4 ;
    %pop/vec4 1;
    %jmp T_1;
    .thread T_1, $push;
    .scope S_0x7fda1ee3ca90;
T_2 ;
    %wait E_0x7fda1ee31040;
    %load/vec4 v0x7fda1ee4a170_0;
    %dup/vec4;
    %pushi/vec4 0, 0, 3;
    %cmp/u;
    %jmp/1 T_2.0, 6;
    %dup/vec4;
    %pushi/vec4 1, 0, 3;
    %cmp/u;
    %jmp/1 T_2.1, 6;
    %dup/vec4;
    %pushi/vec4 2, 0, 3;
    %cmp/u;
    %jmp/1 T_2.2, 6;
    %dup/vec4;
    %pushi/vec4 3, 0, 3;
    %cmp/u;
    %jmp/1 T_2.3, 6;
    %dup/vec4;
    %pushi/vec4 4, 0, 3;
    %cmp/u;
    %jmp/1 T_2.4, 6;
    %dup/vec4;
    %pushi/vec4 5, 0, 3;
    %cmp/u;
    %jmp/1 T_2.5, 6;
    %dup/vec4;
    %pushi/vec4 6, 0, 3;
    %cmp/u;
    %jmp/1 T_2.6, 6;
    %dup/vec4;
    %pushi/vec4 7, 0, 3;
    %cmp/u;
    %jmp/1 T_2.7, 6;
    %jmp T_2.8;
T_2.0 ;
    %load/vec4 v0x7fda1ee15bf0_0;
    %load/vec4 v0x7fda1ee4a0c0_0;
    %add;
    %store/vec4 v0x7fda1ee4a230_0, 0, 16;
    %jmp T_2.8;
T_2.1 ;
    %load/vec4 v0x7fda1ee15bf0_0;
    %load/vec4 v0x7fda1ee4a0c0_0;
    %sub;
    %store/vec4 v0x7fda1ee4a230_0, 0, 16;
    %jmp T_2.8;
T_2.2 ;
    %load/vec4 v0x7fda1ee4a0c0_0;
    %store/vec4 v0x7fda1ee4a230_0, 0, 16;
    %jmp T_2.8;
T_2.3 ;
    %load/vec4 v0x7fda1ee15bf0_0;
    %ix/getv 4, v0x7fda1ee4a0c0_0;
    %shiftr 4;
    %store/vec4 v0x7fda1ee4a230_0, 0, 16;
    %jmp T_2.8;
T_2.4 ;
    %load/vec4 v0x7fda1ee15bf0_0;
    %ix/getv 4, v0x7fda1ee4a0c0_0;
    %shiftr 4;
    %store/vec4 v0x7fda1ee4a230_0, 0, 16;
    %jmp T_2.8;
T_2.5 ;
    %load/vec4 v0x7fda1ee15bf0_0;
    %ix/getv 4, v0x7fda1ee4a0c0_0;
    %shiftl 4;
    %store/vec4 v0x7fda1ee4a230_0, 0, 16;
    %jmp T_2.8;
T_2.6 ;
    %load/vec4 v0x7fda1ee15bf0_0;
    %load/vec4 v0x7fda1ee4a0c0_0;
    %and;
    %inv;
    %store/vec4 v0x7fda1ee4a230_0, 0, 16;
    %jmp T_2.8;
T_2.7 ;
    %load/vec4 v0x7fda1ee15bf0_0;
    %load/vec4 v0x7fda1ee4a0c0_0;
    %xor;
    %store/vec4 v0x7fda1ee4a230_0, 0, 16;
    %jmp T_2.8;
T_2.8 ;
    %pop/vec4 1;
    %jmp T_2;
    .thread T_2, $push;
    .scope S_0x7fda1ee4c880;
T_3 ;
    %wait E_0x7fda1ee4caa0;
    %load/vec4 v0x7fda1ee4cd30_0;
    %flag_set/vec4 8;
    %jmp/0xz  T_3.0, 8;
    %pushi/vec4 0, 0, 6;
    %assign/vec4 v0x7fda1ee4cc60_0, 0;
    %jmp T_3.1;
T_3.0 ;
    %load/vec4 v0x7fda1ee4cbb0_0;
    %nor/r;
    %flag_set/vec4 8;
    %jmp/0xz  T_3.2, 8;
    %load/vec4 v0x7fda1ee4cc60_0;
    %addi 1, 0, 6;
    %assign/vec4 v0x7fda1ee4cc60_0, 0;
T_3.2 ;
T_3.1 ;
    %jmp T_3;
    .thread T_3;
    .scope S_0x7fda1ee4bea0;
T_4 ;
Ewait_0 .event/or E_0x7fda1ee4c0d0, E_0x0;
    %wait Ewait_0;
    %load/vec4 v0x7fda1ee4c1c0_0;
    %dup/vec4;
    %pushi/vec4 0, 0, 6;
    %cmp/u;
    %jmp/1 T_4.0, 6;
    %dup/vec4;
    %pushi/vec4 1, 0, 6;
    %cmp/u;
    %jmp/1 T_4.1, 6;
    %dup/vec4;
    %pushi/vec4 2, 0, 6;
    %cmp/u;
    %jmp/1 T_4.2, 6;
    %dup/vec4;
    %pushi/vec4 3, 0, 6;
    %cmp/u;
    %jmp/1 T_4.3, 6;
    %dup/vec4;
    %pushi/vec4 4, 0, 6;
    %cmp/u;
    %jmp/1 T_4.4, 6;
    %dup/vec4;
    %pushi/vec4 5, 0, 6;
    %cmp/u;
    %jmp/1 T_4.5, 6;
    %dup/vec4;
    %pushi/vec4 6, 0, 6;
    %cmp/u;
    %jmp/1 T_4.6, 6;
    %dup/vec4;
    %pushi/vec4 7, 0, 6;
    %cmp/u;
    %jmp/1 T_4.7, 6;
    %dup/vec4;
    %pushi/vec4 8, 0, 6;
    %cmp/u;
    %jmp/1 T_4.8, 6;
    %dup/vec4;
    %pushi/vec4 9, 0, 6;
    %cmp/u;
    %jmp/1 T_4.9, 6;
    %dup/vec4;
    %pushi/vec4 10, 0, 6;
    %cmp/u;
    %jmp/1 T_4.10, 6;
    %dup/vec4;
    %pushi/vec4 11, 0, 6;
    %cmp/u;
    %jmp/1 T_4.11, 6;
    %jmp T_4.12;
T_4.0 ;
    %pushi/vec4 16553, 0, 16;
    %store/vec4 v0x7fda1ee4c110_0, 0, 16;
    %jmp T_4.12;
T_4.1 ;
    %pushi/vec4 20484, 0, 16;
    %store/vec4 v0x7fda1ee4c110_0, 0, 16;
    %jmp T_4.12;
T_4.2 ;
    %pushi/vec4 17750, 0, 16;
    %store/vec4 v0x7fda1ee4c110_0, 0, 16;
    %jmp T_4.12;
T_4.3 ;
    %pushi/vec4 21764, 0, 16;
    %store/vec4 v0x7fda1ee4c110_0, 0, 16;
    %jmp T_4.12;
T_4.4 ;
    %pushi/vec4 2053, 0, 16;
    %store/vec4 v0x7fda1ee4c110_0, 0, 16;
    %jmp T_4.12;
T_4.5 ;
    %pushi/vec4 20225, 0, 16;
    %store/vec4 v0x7fda1ee4c110_0, 0, 16;
    %jmp T_4.12;
T_4.6 ;
    %pushi/vec4 24320, 0, 16;
    %store/vec4 v0x7fda1ee4c110_0, 0, 16;
    %jmp T_4.12;
T_4.7 ;
    %pushi/vec4 41729, 0, 16;
    %store/vec4 v0x7fda1ee4c110_0, 0, 16;
    %jmp T_4.12;
T_4.8 ;
    %pushi/vec4 20224, 0, 16;
    %store/vec4 v0x7fda1ee4c110_0, 0, 16;
    %jmp T_4.12;
T_4.9 ;
    %pushi/vec4 24320, 0, 16;
    %store/vec4 v0x7fda1ee4c110_0, 0, 16;
    %jmp T_4.12;
T_4.10 ;
    %pushi/vec4 34562, 0, 16;
    %store/vec4 v0x7fda1ee4c110_0, 0, 16;
    %jmp T_4.12;
T_4.11 ;
    %pushi/vec4 1, 0, 16;
    %store/vec4 v0x7fda1ee4c110_0, 0, 16;
    %jmp T_4.12;
T_4.12 ;
    %pop/vec4 1;
    %jmp T_4;
    .thread T_4, $push;
    .scope S_0x7fda1ee4a340;
T_5 ;
    %wait E_0x7fda1ee4a680;
    %pushi/vec4 0, 0, 1;
    %store/vec4 v0x7fda1ee4a970_0, 0, 1;
    %pushi/vec4 0, 0, 2;
    %store/vec4 v0x7fda1ee4a6b0_0, 0, 2;
    %pushi/vec4 0, 0, 2;
    %store/vec4 v0x7fda1ee4a770_0, 0, 2;
    %pushi/vec4 0, 0, 3;
    %store/vec4 v0x7fda1ee4ac60_0, 0, 3;
    %pushi/vec4 0, 0, 1;
    %store/vec4 v0x7fda1ee4ae20_0, 0, 1;
    %pushi/vec4 0, 0, 2;
    %store/vec4 v0x7fda1ee4ad90_0, 0, 2;
    %pushi/vec4 0, 0, 2;
    %store/vec4 v0x7fda1ee4ab00_0, 0, 2;
    %pushi/vec4 0, 0, 8;
    %store/vec4 v0x7fda1ee4aa50_0, 0, 8;
    %pushi/vec4 0, 0, 1;
    %store/vec4 v0x7fda1ee4a8d0_0, 0, 1;
    %pushi/vec4 0, 0, 1;
    %store/vec4 v0x7fda1ee4a820_0, 0, 1;
    %load/vec4 v0x7fda1ee4abb0_0;
    %parti/s 3, 13, 5;
    %dup/vec4;
    %pushi/vec4 0, 0, 3;
    %cmp/u;
    %jmp/1 T_5.0, 6;
    %dup/vec4;
    %pushi/vec4 1, 0, 3;
    %cmp/u;
    %jmp/1 T_5.1, 6;
    %dup/vec4;
    %pushi/vec4 2, 0, 3;
    %cmp/u;
    %jmp/1 T_5.2, 6;
    %dup/vec4;
    %pushi/vec4 4, 0, 3;
    %cmp/u;
    %jmp/1 T_5.3, 6;
    %dup/vec4;
    %pushi/vec4 5, 0, 3;
    %cmp/u;
    %jmp/1 T_5.4, 6;
    %jmp T_5.5;
T_5.0 ;
    %load/vec4 v0x7fda1ee4abb0_0;
    %parti/s 1, 2, 3;
    %dup/vec4;
    %pushi/vec4 0, 0, 1;
    %cmp/u;
    %jmp/1 T_5.6, 6;
    %dup/vec4;
    %pushi/vec4 1, 0, 1;
    %cmp/u;
    %jmp/1 T_5.7, 6;
    %jmp T_5.8;
T_5.6 ;
    %load/vec4 v0x7fda1ee4abb0_0;
    %parti/s 1, 0, 2;
    %cmpi/e 0, 0, 1;
    %jmp/0xz  T_5.9, 4;
    %jmp T_5.10;
T_5.9 ;
    %pushi/vec4 1, 0, 1;
    %store/vec4 v0x7fda1ee4a970_0, 0, 1;
T_5.10 ;
    %jmp T_5.8;
T_5.7 ;
    %load/vec4 v0x7fda1ee4abb0_0;
    %parti/s 1, 12, 5;
    %dup/vec4;
    %pushi/vec4 0, 0, 1;
    %cmp/u;
    %jmp/1 T_5.11, 6;
    %dup/vec4;
    %pushi/vec4 1, 0, 1;
    %cmp/u;
    %jmp/1 T_5.12, 6;
    %jmp T_5.13;
T_5.11 ;
    %load/vec4 v0x7fda1ee4abb0_0;
    %parti/s 2, 10, 5;
    %store/vec4 v0x7fda1ee4ad90_0, 0, 2;
    %pushi/vec4 1, 0, 1;
    %store/vec4 v0x7fda1ee4ae20_0, 0, 1;
    %load/vec4 v0x7fda1ee4abb0_0;
    %parti/s 2, 8, 5;
    %store/vec4 v0x7fda1ee4a6b0_0, 0, 2;
    %load/vec4 v0x7fda1ee4abb0_0;
    %parti/s 3, 4, 4;
    %store/vec4 v0x7fda1ee4ac60_0, 0, 3;
    %load/vec4 v0x7fda1ee4abb0_0;
    %parti/s 2, 0, 2;
    %store/vec4 v0x7fda1ee4a770_0, 0, 2;
    %jmp T_5.13;
T_5.12 ;
    %load/vec4 v0x7fda1ee4abb0_0;
    %parti/s 2, 10, 5;
    %store/vec4 v0x7fda1ee4ad90_0, 0, 2;
    %pushi/vec4 1, 0, 1;
    %store/vec4 v0x7fda1ee4ae20_0, 0, 1;
    %load/vec4 v0x7fda1ee4abb0_0;
    %parti/s 2, 8, 5;
    %store/vec4 v0x7fda1ee4a6b0_0, 0, 2;
    %load/vec4 v0x7fda1ee4abb0_0;
    %parti/s 3, 4, 4;
    %store/vec4 v0x7fda1ee4ac60_0, 0, 3;
    %load/vec4 v0x7fda1ee4abb0_0;
    %parti/s 2, 0, 2;
    %store/vec4 v0x7fda1ee4a770_0, 0, 2;
    %pushi/vec4 1, 0, 1;
    %store/vec4 v0x7fda1ee4a820_0, 0, 1;
    %jmp T_5.13;
T_5.13 ;
    %pop/vec4 1;
    %jmp T_5.8;
T_5.8 ;
    %pop/vec4 1;
    %jmp T_5.5;
T_5.1 ;
    %load/vec4 v0x7fda1ee4abb0_0;
    %parti/s 2, 10, 5;
    %store/vec4 v0x7fda1ee4ad90_0, 0, 2;
    %pushi/vec4 1, 0, 1;
    %store/vec4 v0x7fda1ee4ae20_0, 0, 1;
    %pushi/vec4 0, 0, 2;
    %load/vec4 v0x7fda1ee4abb0_0;
    %parti/s 1, 12, 5;
    %concat/vec4; draw_concat_vec4
    %store/vec4 v0x7fda1ee4ac60_0, 0, 3;
    %load/vec4 v0x7fda1ee4abb0_0;
    %parti/s 2, 8, 5;
    %store/vec4 v0x7fda1ee4a6b0_0, 0, 2;
    %pushi/vec4 1, 0, 2;
    %store/vec4 v0x7fda1ee4ab00_0, 0, 2;
    %jmp T_5.5;
T_5.2 ;
    %load/vec4 v0x7fda1ee4abb0_0;
    %parti/s 1, 12, 5;
    %dup/vec4;
    %pushi/vec4 0, 0, 1;
    %cmp/u;
    %jmp/1 T_5.14, 6;
    %dup/vec4;
    %pushi/vec4 1, 0, 1;
    %cmp/u;
    %jmp/1 T_5.15, 6;
    %jmp T_5.16;
T_5.14 ;
    %load/vec4 v0x7fda1ee4abb0_0;
    %parti/s 2, 10, 5;
    %store/vec4 v0x7fda1ee4ad90_0, 0, 2;
    %pushi/vec4 1, 0, 1;
    %store/vec4 v0x7fda1ee4ae20_0, 0, 1;
    %load/vec4 v0x7fda1ee4abb0_0;
    %parti/s 2, 8, 5;
    %store/vec4 v0x7fda1ee4a770_0, 0, 2;
    %pushi/vec4 2, 0, 3;
    %store/vec4 v0x7fda1ee4ac60_0, 0, 3;
    %pushi/vec4 2, 0, 2;
    %store/vec4 v0x7fda1ee4ab00_0, 0, 2;
    %load/vec4 v0x7fda1ee4abb0_0;
    %parti/s 8, 0, 2;
    %store/vec4 v0x7fda1ee4aa50_0, 0, 8;
    %jmp T_5.16;
T_5.15 ;
    %load/vec4 v0x7fda1ee4abb0_0;
    %parti/s 2, 10, 5;
    %store/vec4 v0x7fda1ee4ad90_0, 0, 2;
    %pushi/vec4 1, 0, 1;
    %store/vec4 v0x7fda1ee4ae20_0, 0, 1;
    %load/vec4 v0x7fda1ee4abb0_0;
    %parti/s 2, 8, 5;
    %store/vec4 v0x7fda1ee4a770_0, 0, 2;
    %pushi/vec4 2, 0, 3;
    %store/vec4 v0x7fda1ee4ac60_0, 0, 3;
    %pushi/vec4 3, 0, 2;
    %store/vec4 v0x7fda1ee4ab00_0, 0, 2;
    %load/vec4 v0x7fda1ee4abb0_0;
    %parti/s 8, 0, 2;
    %store/vec4 v0x7fda1ee4aa50_0, 0, 8;
    %jmp T_5.16;
T_5.16 ;
    %pop/vec4 1;
    %jmp T_5.5;
T_5.3 ;
    %load/vec4 v0x7fda1ee4abb0_0;
    %parti/s 2, 10, 5;
    %store/vec4 v0x7fda1ee4ad90_0, 0, 2;
    %pushi/vec4 1, 0, 1;
    %store/vec4 v0x7fda1ee4ae20_0, 0, 1;
    %load/vec4 v0x7fda1ee4abb0_0;
    %parti/s 2, 8, 5;
    %store/vec4 v0x7fda1ee4a6b0_0, 0, 2;
    %pushi/vec4 0, 0, 2;
    %load/vec4 v0x7fda1ee4abb0_0;
    %parti/s 1, 12, 5;
    %concat/vec4; draw_concat_vec4
    %store/vec4 v0x7fda1ee4ac60_0, 0, 3;
    %pushi/vec4 1, 0, 2;
    %store/vec4 v0x7fda1ee4ab00_0, 0, 2;
    %load/vec4 v0x7fda1ee4abb0_0;
    %parti/s 8, 0, 2;
    %store/vec4 v0x7fda1ee4aa50_0, 0, 8;
    %jmp T_5.5;
T_5.4 ;
    %load/vec4 v0x7fda1ee4abb0_0;
    %parti/s 2, 10, 5;
    %store/vec4 v0x7fda1ee4a770_0, 0, 2;
    %pushi/vec4 1, 0, 1;
    %store/vec4 v0x7fda1ee4ae20_0, 0, 1;
    %load/vec4 v0x7fda1ee4abb0_0;
    %parti/s 2, 8, 5;
    %store/vec4 v0x7fda1ee4a6b0_0, 0, 2;
    %pushi/vec4 0, 0, 2;
    %load/vec4 v0x7fda1ee4abb0_0;
    %parti/s 1, 12, 5;
    %concat/vec4; draw_concat_vec4
    %store/vec4 v0x7fda1ee4ac60_0, 0, 3;
    %pushi/vec4 1, 0, 2;
    %store/vec4 v0x7fda1ee4ab00_0, 0, 2;
    %load/vec4 v0x7fda1ee4abb0_0;
    %parti/s 8, 0, 2;
    %store/vec4 v0x7fda1ee4aa50_0, 0, 8;
    %pushi/vec4 1, 0, 1;
    %store/vec4 v0x7fda1ee4a8d0_0, 0, 1;
    %jmp T_5.5;
T_5.5 ;
    %pop/vec4 1;
    %jmp T_5;
    .thread T_5, $push;
    .scope S_0x7fda1ee4af90;
T_6 ;
    %wait E_0x7fda1ee4a540;
    %load/vec4 v0x7fda1ee4b7b0_0;
    %flag_set/vec4 8;
    %jmp/0xz  T_6.0, 8;
    %load/vec4 v0x7fda1ee4b710_0;
    %load/vec4 v0x7fda1ee4b430_0;
    %pad/u 10;
    %ix/vec4 3;
    %ix/load 4, 0, 0; Constant delay
    %assign/vec4/a/d v0x7fda1ee4b5c0, 0, 4;
T_6.0 ;
    %jmp T_6;
    .thread T_6;
    .scope S_0x7fda1ee4b900;
T_7 ;
Ewait_1 .event/or E_0x7fda1ee4a510, E_0x0;
    %wait Ewait_1;
    %load/vec4 v0x7fda1ee4bda0_0;
    %flag_set/vec4 8;
    %jmp/0xz  T_7.0, 8;
    %load/vec4 v0x7fda1ee4bc40_0;
    %store/vec4 v0x7fda1ee4bcf0_0, 0, 16;
    %jmp T_7.1;
T_7.0 ;
    %load/vec4 v0x7fda1ee4bb70_0;
    %store/vec4 v0x7fda1ee4bcf0_0, 0, 16;
T_7.1 ;
    %jmp T_7;
    .thread T_7, $push;
    .scope S_0x7fda1ee31b40;
T_8 ;
    %delay 5, 0;
    %load/vec4 v0x7fda1ee4ed60_0;
    %inv;
    %store/vec4 v0x7fda1ee4ed60_0, 0, 1;
    %jmp T_8;
    .thread T_8;
    .scope S_0x7fda1ee31b40;
T_9 ;
    %vpi_call/w 3 8 "$dumpfile", "pu.vcd" {0 0 0};
    %vpi_call/w 3 9 "$dumpvars", 32'sb00000000000000000000000000000000, S_0x7fda1ee30ed0 {0 0 0};
    %pushi/vec4 1, 0, 1;
    %store/vec4 v0x7fda1ee4ee70_0, 0, 1;
    %pushi/vec4 0, 0, 1;
    %store/vec4 v0x7fda1ee4ed60_0, 0, 1;
    %delay 20, 0;
    %pushi/vec4 0, 0, 1;
    %store/vec4 v0x7fda1ee4ee70_0, 0, 1;
    %delay 500, 0;
    %vpi_call/w 3 15 "$finish" {0 0 0};
    %end;
    .thread T_9;
# The file index is used to find the file name in the following table.
:file_names 13;
    "N/A";
    "<interactive>";
    "-";
    "test.v";
    "pu.v";
    "alu.v";
    "dec.v";
    "dmem.v";
    "sel.v";
    "imem.v";
    "lidx.v";
    "pc.v";
    "rega.v";
