#! /usr/local/iverilog/bin/vvp
:ivl_version "11.0 (devel)" "(s20150603-642-g3bdb50da)";
:ivl_delay_selection "TYPICAL";
:vpi_time_precision + 0;
:vpi_module "system";
:vpi_module "vhdl_sys";
:vpi_module "vhdl_textio";
:vpi_module "v2005_math";
:vpi_module "va_math";
:vpi_module "v2009";
S_0000000000879660 .scope package, "$unit" "$unit" 2 1;
 .timescale 0 0;
S_00000000012b78a0 .scope module, "test" "test" 3 59;
 .timescale 0 0;
v0000000000873310_0 .net "ack0", 0 0, v00000000012b7bc0_0;  1 drivers
v00000000008733b0_0 .net "ack1", 0 0, v00000000008797f0_0;  1 drivers
v0000000000873450_0 .net "ack2", 0 0, v0000000000879890_0;  1 drivers
v00000000008734f0_0 .net "ack3", 0 0, v0000000000872d80_0;  1 drivers
v0000000000873590_0 .var "clk", 0 0;
v00000000008c44c0_0 .var "req0", 0 0;
v00000000008c4380_0 .var "req1", 0 0;
v00000000008c4420_0 .var "req2", 0 0;
v00000000008c4880_0 .var "req3", 0 0;
v00000000008c4740_0 .var "rst", 0 0;
S_00000000012b7a30 .scope module, "arb" "arb" 3 62, 3 2 0, S_00000000012b78a0;
 .timescale 0 0;
    .port_info 0 /INPUT 1 "req0";
    .port_info 1 /INPUT 1 "req1";
    .port_info 2 /INPUT 1 "req2";
    .port_info 3 /INPUT 1 "req3";
    .port_info 4 /OUTPUT 1 "ack0";
    .port_info 5 /OUTPUT 1 "ack1";
    .port_info 6 /OUTPUT 1 "ack2";
    .port_info 7 /OUTPUT 1 "ack3";
    .port_info 8 /INPUT 1 "clk";
    .port_info 9 /INPUT 1 "rst";
v00000000012b7bc0_0 .var "ack0", 0 0;
v00000000008797f0_0 .var "ack1", 0 0;
v0000000000879890_0 .var "ack2", 0 0;
v0000000000872d80_0 .var "ack3", 0 0;
v0000000000872e20_0 .net "clk", 0 0, v0000000000873590_0;  1 drivers
v0000000000872ec0_0 .net "req0", 0 0, v00000000008c44c0_0;  1 drivers
v0000000000872f60_0 .net "req1", 0 0, v00000000008c4380_0;  1 drivers
v0000000000873000_0 .net "req2", 0 0, v00000000008c4420_0;  1 drivers
v00000000008730a0_0 .net "req3", 0 0, v00000000008c4880_0;  1 drivers
v00000000008731d0_0 .net "rst", 0 0, v00000000008c4740_0;  1 drivers
v0000000000873270_0 .var "start", 1 0;
E_00000000012b9aa0 .event posedge, v0000000000872e20_0;
    .scope S_00000000012b7a30;
T_0 ;
    %wait E_00000000012b9aa0;
    %load/vec4 v00000000008731d0_0;
    %flag_set/vec4 8;
    %jmp/0xz  T_0.0, 8;
    %pushi/vec4 0, 0, 2;
    %assign/vec4 v0000000000873270_0, 0;
    %pushi/vec4 0, 0, 1;
    %assign/vec4 v00000000012b7bc0_0, 0;
    %pushi/vec4 0, 0, 1;
    %assign/vec4 v00000000008797f0_0, 0;
    %pushi/vec4 0, 0, 1;
    %assign/vec4 v0000000000879890_0, 0;
    %pushi/vec4 0, 0, 1;
    %assign/vec4 v0000000000872d80_0, 0;
    %jmp T_0.1;
T_0.0 ;
    %pushi/vec4 0, 0, 1;
    %assign/vec4 v00000000012b7bc0_0, 0;
    %pushi/vec4 0, 0, 1;
    %assign/vec4 v00000000008797f0_0, 0;
    %pushi/vec4 0, 0, 1;
    %assign/vec4 v0000000000879890_0, 0;
    %pushi/vec4 0, 0, 1;
    %assign/vec4 v0000000000872d80_0, 0;
    %load/vec4 v0000000000873270_0;
    %dup/vec4;
    %pushi/vec4 0, 0, 2;
    %cmp/u;
    %jmp/1 T_0.2, 6;
    %dup/vec4;
    %pushi/vec4 1, 0, 2;
    %cmp/u;
    %jmp/1 T_0.3, 6;
    %dup/vec4;
    %pushi/vec4 2, 0, 2;
    %cmp/u;
    %jmp/1 T_0.4, 6;
    %dup/vec4;
    %pushi/vec4 3, 0, 2;
    %cmp/u;
    %jmp/1 T_0.5, 6;
    %jmp T_0.6;
T_0.2 ;
    %load/vec4 v0000000000872ec0_0;
    %flag_set/vec4 8;
    %jmp/0xz  T_0.7, 8;
    %pushi/vec4 1, 0, 1;
    %assign/vec4 v00000000012b7bc0_0, 0;
    %jmp T_0.8;
T_0.7 ;
    %load/vec4 v0000000000872f60_0;
    %flag_set/vec4 8;
    %jmp/0xz  T_0.9, 8;
    %pushi/vec4 1, 0, 1;
    %assign/vec4 v00000000008797f0_0, 0;
    %jmp T_0.10;
T_0.9 ;
    %load/vec4 v0000000000873000_0;
    %flag_set/vec4 8;
    %jmp/0xz  T_0.11, 8;
    %pushi/vec4 1, 0, 1;
    %assign/vec4 v0000000000879890_0, 0;
    %jmp T_0.12;
T_0.11 ;
    %load/vec4 v00000000008730a0_0;
    %flag_set/vec4 8;
    %jmp/0xz  T_0.13, 8;
    %pushi/vec4 1, 0, 1;
    %assign/vec4 v0000000000872d80_0, 0;
T_0.13 ;
T_0.12 ;
T_0.10 ;
T_0.8 ;
    %jmp T_0.6;
T_0.3 ;
    %load/vec4 v0000000000872f60_0;
    %flag_set/vec4 8;
    %jmp/0xz  T_0.15, 8;
    %pushi/vec4 1, 0, 1;
    %assign/vec4 v00000000008797f0_0, 0;
    %jmp T_0.16;
T_0.15 ;
    %load/vec4 v0000000000873000_0;
    %flag_set/vec4 8;
    %jmp/0xz  T_0.17, 8;
    %pushi/vec4 1, 0, 1;
    %assign/vec4 v0000000000879890_0, 0;
    %jmp T_0.18;
T_0.17 ;
    %load/vec4 v00000000008730a0_0;
    %flag_set/vec4 8;
    %jmp/0xz  T_0.19, 8;
    %pushi/vec4 1, 0, 1;
    %assign/vec4 v0000000000872d80_0, 0;
    %jmp T_0.20;
T_0.19 ;
    %load/vec4 v0000000000872ec0_0;
    %flag_set/vec4 8;
    %jmp/0xz  T_0.21, 8;
    %pushi/vec4 1, 0, 1;
    %assign/vec4 v00000000012b7bc0_0, 0;
T_0.21 ;
T_0.20 ;
T_0.18 ;
T_0.16 ;
    %jmp T_0.6;
T_0.4 ;
    %load/vec4 v0000000000873000_0;
    %flag_set/vec4 8;
    %jmp/0xz  T_0.23, 8;
    %pushi/vec4 1, 0, 1;
    %assign/vec4 v0000000000879890_0, 0;
    %jmp T_0.24;
T_0.23 ;
    %load/vec4 v00000000008730a0_0;
    %flag_set/vec4 8;
    %jmp/0xz  T_0.25, 8;
    %pushi/vec4 1, 0, 1;
    %assign/vec4 v0000000000872d80_0, 0;
    %jmp T_0.26;
T_0.25 ;
    %load/vec4 v0000000000872ec0_0;
    %flag_set/vec4 8;
    %jmp/0xz  T_0.27, 8;
    %pushi/vec4 1, 0, 1;
    %assign/vec4 v00000000012b7bc0_0, 0;
    %jmp T_0.28;
T_0.27 ;
    %load/vec4 v0000000000872f60_0;
    %flag_set/vec4 8;
    %jmp/0xz  T_0.29, 8;
    %pushi/vec4 1, 0, 1;
    %assign/vec4 v00000000008797f0_0, 0;
T_0.29 ;
T_0.28 ;
T_0.26 ;
T_0.24 ;
    %jmp T_0.6;
T_0.5 ;
    %load/vec4 v00000000008730a0_0;
    %flag_set/vec4 8;
    %jmp/0xz  T_0.31, 8;
    %pushi/vec4 1, 0, 1;
    %assign/vec4 v0000000000872d80_0, 0;
    %jmp T_0.32;
T_0.31 ;
    %load/vec4 v0000000000872ec0_0;
    %flag_set/vec4 8;
    %jmp/0xz  T_0.33, 8;
    %pushi/vec4 1, 0, 1;
    %assign/vec4 v00000000012b7bc0_0, 0;
    %jmp T_0.34;
T_0.33 ;
    %load/vec4 v0000000000872f60_0;
    %flag_set/vec4 8;
    %jmp/0xz  T_0.35, 8;
    %pushi/vec4 1, 0, 1;
    %assign/vec4 v00000000008797f0_0, 0;
    %jmp T_0.36;
T_0.35 ;
    %load/vec4 v0000000000873000_0;
    %flag_set/vec4 8;
    %jmp/0xz  T_0.37, 8;
    %pushi/vec4 1, 0, 1;
    %assign/vec4 v0000000000879890_0, 0;
T_0.37 ;
T_0.36 ;
T_0.34 ;
T_0.32 ;
    %jmp T_0.6;
T_0.6 ;
    %pop/vec4 1;
T_0.1 ;
    %jmp T_0;
    .thread T_0;
    .scope S_00000000012b78a0;
T_1 ;
    %delay 5, 0;
    %load/vec4 v0000000000873590_0;
    %inv;
    %store/vec4 v0000000000873590_0, 0, 1;
    %jmp T_1;
    .thread T_1;
    .scope S_00000000012b78a0;
T_2 ;
    %vpi_call/w 3 65 "$dumpfile", "test.vcd" {0 0 0};
    %vpi_call/w 3 66 "$dumpvars", 32'sb00000000000000000000000000000000, S_00000000012b78a0 {0 0 0};
    %pushi/vec4 0, 0, 1;
    %store/vec4 v0000000000873590_0, 0, 1;
    %pushi/vec4 1, 0, 1;
    %store/vec4 v00000000008c4740_0, 0, 1;
    %pushi/vec4 0, 0, 1;
    %store/vec4 v00000000008c44c0_0, 0, 1;
    %pushi/vec4 0, 0, 1;
    %store/vec4 v00000000008c4380_0, 0, 1;
    %pushi/vec4 0, 0, 1;
    %store/vec4 v00000000008c4420_0, 0, 1;
    %pushi/vec4 0, 0, 1;
    %store/vec4 v00000000008c4880_0, 0, 1;
    %delay 10, 0;
    %pushi/vec4 0, 0, 1;
    %store/vec4 v00000000008c4740_0, 0, 1;
    %delay 10, 0;
    %pushi/vec4 1, 0, 1;
    %store/vec4 v00000000008c4380_0, 0, 1;
    %delay 10, 0;
    %pushi/vec4 1, 0, 1;
    %store/vec4 v00000000008c4420_0, 0, 1;
    %delay 10, 0;
    %pushi/vec4 0, 0, 1;
    %store/vec4 v00000000008c4380_0, 0, 1;
    %delay 10, 0;
    %vpi_call/w 3 82 "$finish" {0 0 0};
    %end;
    .thread T_2;
# The file index is used to find the file name in the following table.
:file_names 4;
    "N/A";
    "<interactive>";
    "-";
    "arb.v";
