#! /usr/local/iverilog/bin/vvp
:ivl_version "11.0 (devel)" "(s20150603-642-g3bdb50da)";
:ivl_delay_selection "TYPICAL";
:vpi_time_precision + 0;
:vpi_module "system";
:vpi_module "vhdl_sys";
:vpi_module "vhdl_textio";
:vpi_module "v2005_math";
:vpi_module "va_math";
:vpi_module "v2009";
S_000000000120d8a0 .scope package, "$unit" "$unit" 2 1;
 .timescale 0 0;
S_000000000120da30 .scope module, "test" "test" 3 9;
 .timescale 0 0;
v0000000000842760_0 .var "a", 3 0;
v0000000000842800_0 .var "b", 3 0;
v000000000120cc10_0 .net "out", 0 0, v00000000008426c0_0;  1 drivers
S_0000000000842490 .scope module, "ab" "ex2_2" 3 12, 3 1 0, S_000000000120da30;
 .timescale 0 0;
    .port_info 0 /INPUT 4 "a";
    .port_info 1 /INPUT 4 "b";
    .port_info 2 /OUTPUT 1 "out";
v000000000120dbc0_0 .net "a", 3 0, v0000000000842760_0;  1 drivers
v0000000000842620_0 .net "b", 3 0, v0000000000842800_0;  1 drivers
v00000000008426c0_0 .var "out", 0 0;
E_0000000000874480 .event edge, v000000000120dbc0_0, v0000000000842620_0;
    .scope S_0000000000842490;
T_0 ;
Ewait_0 .event/or E_0000000000874480, E_0x0;
    %wait Ewait_0;
    %load/vec4 v0000000000842620_0;
    %load/vec4 v000000000120dbc0_0;
    %cmp/u;
    %flag_or 5, 4;
    %jmp/0xz  T_0.0, 5;
    %pushi/vec4 1, 0, 1;
    %store/vec4 v00000000008426c0_0, 0, 1;
    %jmp T_0.1;
T_0.0 ;
    %pushi/vec4 0, 0, 1;
    %store/vec4 v00000000008426c0_0, 0, 1;
T_0.1 ;
    %jmp T_0;
    .thread T_0, $push;
    .scope S_000000000120da30;
T_1 ;
    %vpi_call/w 3 14 "$dumpfile", "ex2_2.vcd" {0 0 0};
    %vpi_call/w 3 15 "$dumpvars", 32'sb00000000000000000000000000000000, S_000000000120da30 {0 0 0};
    %pushi/vec4 5, 0, 4;
    %store/vec4 v0000000000842760_0, 0, 4;
    %pushi/vec4 3, 0, 4;
    %store/vec4 v0000000000842800_0, 0, 4;
    %delay 10, 0;
    %pushi/vec4 3, 0, 4;
    %store/vec4 v0000000000842760_0, 0, 4;
    %pushi/vec4 8, 0, 4;
    %store/vec4 v0000000000842800_0, 0, 4;
    %delay 10, 0;
    %pushi/vec4 1, 0, 4;
    %store/vec4 v0000000000842760_0, 0, 4;
    %pushi/vec4 0, 0, 4;
    %store/vec4 v0000000000842800_0, 0, 4;
    %delay 10, 0;
    %vpi_call/w 3 25 "$finish" {0 0 0};
    %end;
    .thread T_1;
# The file index is used to find the file name in the following table.
:file_names 4;
    "N/A";
    "<interactive>";
    "-";
    "ex2_2.v";
