#! /usr/local/iverilog/bin/vvp
:ivl_version "11.0 (devel)" "(s20150603-642-g3bdb50da)";
:ivl_delay_selection "TYPICAL";
:vpi_time_precision + 0;
:vpi_module "system";
:vpi_module "vhdl_sys";
:vpi_module "vhdl_textio";
:vpi_module "v2005_math";
:vpi_module "va_math";
:vpi_module "v2009";
S_00000000008425a0 .scope package, "$unit" "$unit" 2 1;
 .timescale 0 0;
S_00000000008753f0 .scope module, "test" "test" 3 28;
 .timescale 0 0;
v0000000000871b70_0 .net "b", 0 0, v000000000122c520_0;  1 drivers
v00000000008727f0_0 .var "clk", 0 0;
v0000000000871fd0_0 .var "en", 0 0;
v0000000000872110_0 .var "rst", 0 0;
v0000000000871df0_0 .var "val", 7 0;
S_0000000000875580 .scope module, "tm" "timer" 3 31, 3 1 0, S_00000000008753f0;
 .timescale 0 0;
    .port_info 0 /INPUT 8 "val";
    .port_info 1 /INPUT 1 "clk";
    .port_info 2 /INPUT 1 "rst";
    .port_info 3 /INPUT 1 "en";
    .port_info 4 /OUTPUT 1 "b";
v000000000122c520_0 .var "b", 0 0;
v0000000000872250_0 .var "b_count", 1 0;
v00000000008726b0_0 .net "clk", 0 0, v00000000008727f0_0;  1 drivers
v0000000000872610_0 .var "count", 7 0;
v00000000008722f0_0 .net "en", 0 0, v0000000000871fd0_0;  1 drivers
v0000000000871ad0_0 .net "rst", 0 0, v0000000000872110_0;  1 drivers
v0000000000872750_0 .net "val", 7 0, v0000000000871df0_0;  1 drivers
E_0000000001229540 .event posedge, v00000000008726b0_0;
    .scope S_0000000000875580;
T_0 ;
    %wait E_0000000001229540;
    %load/vec4 v0000000000871ad0_0;
    %flag_set/vec4 8;
    %jmp/0xz  T_0.0, 8;
    %pushi/vec4 0, 0, 8;
    %assign/vec4 v0000000000872610_0, 0;
    %pushi/vec4 0, 0, 1;
    %assign/vec4 v000000000122c520_0, 0;
    %pushi/vec4 0, 0, 2;
    %assign/vec4 v0000000000872250_0, 0;
    %jmp T_0.1;
T_0.0 ;
    %load/vec4 v00000000008722f0_0;
    %flag_set/vec4 8;
    %jmp/0xz  T_0.2, 8;
    %load/vec4 v0000000000872610_0;
    %pad/u 32;
    %cmpi/ne 0, 0, 32;
    %jmp/0xz  T_0.4, 4;
    %load/vec4 v0000000000872610_0;
    %subi 1, 0, 8;
    %assign/vec4 v0000000000872610_0, 0;
    %jmp T_0.5;
T_0.4 ;
    %load/vec4 v0000000000872250_0;
    %pad/u 32;
    %cmpi/u 3, 0, 32;
    %flag_or 5, 4;
    %jmp/0xz  T_0.6, 5;
    %load/vec4 v000000000122c520_0;
    %flag_set/vec4 8;
    %jmp/0xz  T_0.8, 8;
    %pushi/vec4 0, 0, 1;
    %assign/vec4 v000000000122c520_0, 0;
    %jmp T_0.9;
T_0.8 ;
    %pushi/vec4 1, 0, 1;
    %assign/vec4 v000000000122c520_0, 0;
    %load/vec4 v0000000000872250_0;
    %addi 1, 0, 2;
    %assign/vec4 v0000000000872250_0, 0;
T_0.9 ;
T_0.6 ;
T_0.5 ;
    %jmp T_0.3;
T_0.2 ;
    %load/vec4 v0000000000872750_0;
    %assign/vec4 v0000000000872610_0, 0;
T_0.3 ;
T_0.1 ;
    %jmp T_0;
    .thread T_0;
    .scope S_00000000008753f0;
T_1 ;
    %pushi/vec4 0, 0, 1;
    %store/vec4 v0000000000871fd0_0, 0, 1;
    %pushi/vec4 0, 0, 8;
    %store/vec4 v0000000000871df0_0, 0, 8;
    %pushi/vec4 0, 0, 1;
    %store/vec4 v0000000000872110_0, 0, 1;
    %vpi_call/w 3 36 "$dumpfile", "timer.vcd" {0 0 0};
    %vpi_call/w 3 37 "$dumpvars", 32'sb00000000000000000000000000000000, S_00000000008753f0 {0 0 0};
    %pushi/vec4 1, 0, 1;
    %store/vec4 v0000000000872110_0, 0, 1;
    %delay 1, 0;
    %pushi/vec4 0, 0, 1;
    %store/vec4 v0000000000872110_0, 0, 1;
    %pushi/vec4 4, 0, 8;
    %store/vec4 v0000000000871df0_0, 0, 8;
    %delay 1, 0;
    %pushi/vec4 1, 0, 1;
    %store/vec4 v0000000000871fd0_0, 0, 1;
    %delay 10, 0;
    %pushi/vec4 1, 0, 1;
    %store/vec4 v0000000000872110_0, 0, 1;
    %delay 2, 0;
    %vpi_call/w 3 47 "$finish" {0 0 0};
    %end;
    .thread T_1;
    .scope S_00000000008753f0;
T_2 ;
    %pushi/vec4 0, 0, 1;
    %store/vec4 v00000000008727f0_0, 0, 1;
    %pushi/vec4 1, 0, 1;
    %store/vec4 v00000000008727f0_0, 0, 1;
    %delay 1, 0;
    %jmp T_2;
    .thread T_2;
# The file index is used to find the file name in the following table.
:file_names 4;
    "N/A";
    "<interactive>";
    "-";
    "ex3.v";
