#! /usr/local/Cellar/icarus-verilog/10.3/bin/vvp
:ivl_version "10.3 (stable)" "(v10_3)";
:ivl_delay_selection "TYPICAL";
:vpi_time_precision - 12;
:vpi_module "system";
:vpi_module "vhdl_sys";
:vpi_module "v2005_math";
:vpi_module "va_math";
:vpi_module "v2009";
S_0x7ff58240c460 .scope module, "test" "test" 2 2;
 .timescale -12 -12;
v0x7ff582424cd0_0 .net "change", 6 0, v0x7ff582406790_0;  1 drivers
v0x7ff582424d80_0 .var "clk", 0 0;
v0x7ff582424e10_0 .var "coin_10", 0 0;
v0x7ff582424ee0_0 .var "coin_50", 0 0;
v0x7ff582424f90_0 .net "item", 0 0, v0x7ff582424960_0;  1 drivers
v0x7ff582425060_0 .var "rst", 0 0;
S_0x7ff582414940 .scope module, "x" "vending" 2 6, 3 1 0, S_0x7ff58240c460;
 .timescale 0 0;
    .port_info 0 /INPUT 1 "clk"
    .port_info 1 /INPUT 1 "rst"
    .port_info 2 /INPUT 1 "coin_10"
    .port_info 3 /INPUT 1 "coin_50"
    .port_info 4 /OUTPUT 1 "item"
    .port_info 5 /OUTPUT 7 "change"
v0x7ff582406790_0 .var "change", 6 0;
v0x7ff582424770_0 .net "clk", 0 0, v0x7ff582424d80_0;  1 drivers
v0x7ff582424810_0 .net "coin_10", 0 0, v0x7ff582424e10_0;  1 drivers
v0x7ff5824248c0_0 .net "coin_50", 0 0, v0x7ff582424ee0_0;  1 drivers
v0x7ff582424960_0 .var "item", 0 0;
v0x7ff582424a40_0 .var "nextstate", 6 0;
v0x7ff582424af0_0 .net "rst", 0 0, v0x7ff582425060_0;  1 drivers
v0x7ff582424b90_0 .var "state", 6 0;
E_0x7ff582407060 .event edge, v0x7ff582424b90_0, v0x7ff582424810_0, v0x7ff5824248c0_0;
E_0x7ff582406bb0 .event posedge, v0x7ff582424770_0;
    .scope S_0x7ff582414940;
T_0 ;
    %wait E_0x7ff582406bb0;
    %load/vec4 v0x7ff582424af0_0;
    %flag_set/vec4 8;
    %jmp/0xz  T_0.0, 8;
    %pushi/vec4 0, 0, 7;
    %assign/vec4 v0x7ff582424b90_0, 0;
    %jmp T_0.1;
T_0.0 ;
    %load/vec4 v0x7ff582424a40_0;
    %assign/vec4 v0x7ff582424b90_0, 0;
T_0.1 ;
    %jmp T_0;
    .thread T_0;
    .scope S_0x7ff582414940;
T_1 ;
    %wait E_0x7ff582407060;
    %load/vec4 v0x7ff582424b90_0;
    %store/vec4 v0x7ff582424a40_0, 0, 7;
    %load/vec4 v0x7ff582424b90_0;
    %dup/vec4;
    %pushi/vec4 0, 0, 7;
    %cmp/u;
    %jmp/1 T_1.0, 6;
    %dup/vec4;
    %pushi/vec4 10, 0, 7;
    %cmp/u;
    %jmp/1 T_1.1, 6;
    %dup/vec4;
    %pushi/vec4 20, 0, 7;
    %cmp/u;
    %jmp/1 T_1.2, 6;
    %dup/vec4;
    %pushi/vec4 30, 0, 7;
    %cmp/u;
    %jmp/1 T_1.3, 6;
    %dup/vec4;
    %pushi/vec4 40, 0, 7;
    %cmp/u;
    %jmp/1 T_1.4, 6;
    %jmp T_1.5;
T_1.0 ;
    %load/vec4 v0x7ff582424810_0;
    %load/vec4 v0x7ff5824248c0_0;
    %concat/vec4; draw_concat_vec4
    %dup/vec4;
    %pushi/vec4 1, 0, 2;
    %cmp/u;
    %jmp/1 T_1.6, 6;
    %dup/vec4;
    %pushi/vec4 2, 0, 2;
    %cmp/u;
    %jmp/1 T_1.7, 6;
    %dup/vec4;
    %pushi/vec4 3, 0, 2;
    %cmp/u;
    %jmp/1 T_1.8, 6;
    %jmp T_1.9;
T_1.6 ;
    %pushi/vec4 50, 0, 7;
    %store/vec4 v0x7ff582424a40_0, 0, 7;
    %jmp T_1.9;
T_1.7 ;
    %pushi/vec4 10, 0, 7;
    %store/vec4 v0x7ff582424a40_0, 0, 7;
    %jmp T_1.9;
T_1.8 ;
    %pushi/vec4 60, 0, 7;
    %store/vec4 v0x7ff582424a40_0, 0, 7;
    %jmp T_1.9;
T_1.9 ;
    %pop/vec4 1;
    %jmp T_1.5;
T_1.1 ;
    %load/vec4 v0x7ff582424810_0;
    %load/vec4 v0x7ff5824248c0_0;
    %concat/vec4; draw_concat_vec4
    %dup/vec4;
    %pushi/vec4 1, 0, 2;
    %cmp/u;
    %jmp/1 T_1.10, 6;
    %dup/vec4;
    %pushi/vec4 2, 0, 2;
    %cmp/u;
    %jmp/1 T_1.11, 6;
    %dup/vec4;
    %pushi/vec4 3, 0, 2;
    %cmp/u;
    %jmp/1 T_1.12, 6;
    %jmp T_1.13;
T_1.10 ;
    %pushi/vec4 60, 0, 7;
    %store/vec4 v0x7ff582424a40_0, 0, 7;
    %jmp T_1.13;
T_1.11 ;
    %pushi/vec4 20, 0, 7;
    %store/vec4 v0x7ff582424a40_0, 0, 7;
    %jmp T_1.13;
T_1.12 ;
    %pushi/vec4 70, 0, 7;
    %store/vec4 v0x7ff582424a40_0, 0, 7;
    %jmp T_1.13;
T_1.13 ;
    %pop/vec4 1;
    %jmp T_1.5;
T_1.2 ;
    %load/vec4 v0x7ff582424810_0;
    %load/vec4 v0x7ff5824248c0_0;
    %concat/vec4; draw_concat_vec4
    %dup/vec4;
    %pushi/vec4 1, 0, 2;
    %cmp/u;
    %jmp/1 T_1.14, 6;
    %dup/vec4;
    %pushi/vec4 2, 0, 2;
    %cmp/u;
    %jmp/1 T_1.15, 6;
    %dup/vec4;
    %pushi/vec4 3, 0, 2;
    %cmp/u;
    %jmp/1 T_1.16, 6;
    %jmp T_1.17;
T_1.14 ;
    %pushi/vec4 70, 0, 7;
    %store/vec4 v0x7ff582424a40_0, 0, 7;
    %jmp T_1.17;
T_1.15 ;
    %pushi/vec4 30, 0, 7;
    %store/vec4 v0x7ff582424a40_0, 0, 7;
    %jmp T_1.17;
T_1.16 ;
    %pushi/vec4 80, 0, 7;
    %store/vec4 v0x7ff582424a40_0, 0, 7;
    %jmp T_1.17;
T_1.17 ;
    %pop/vec4 1;
    %jmp T_1.5;
T_1.3 ;
    %load/vec4 v0x7ff582424810_0;
    %load/vec4 v0x7ff5824248c0_0;
    %concat/vec4; draw_concat_vec4
    %dup/vec4;
    %pushi/vec4 1, 0, 2;
    %cmp/u;
    %jmp/1 T_1.18, 6;
    %dup/vec4;
    %pushi/vec4 2, 0, 2;
    %cmp/u;
    %jmp/1 T_1.19, 6;
    %dup/vec4;
    %pushi/vec4 3, 0, 2;
    %cmp/u;
    %jmp/1 T_1.20, 6;
    %jmp T_1.21;
T_1.18 ;
    %pushi/vec4 80, 0, 7;
    %store/vec4 v0x7ff582424a40_0, 0, 7;
    %jmp T_1.21;
T_1.19 ;
    %pushi/vec4 40, 0, 7;
    %store/vec4 v0x7ff582424a40_0, 0, 7;
    %jmp T_1.21;
T_1.20 ;
    %pushi/vec4 90, 0, 7;
    %store/vec4 v0x7ff582424a40_0, 0, 7;
    %jmp T_1.21;
T_1.21 ;
    %pop/vec4 1;
    %jmp T_1.5;
T_1.4 ;
    %load/vec4 v0x7ff582424810_0;
    %load/vec4 v0x7ff5824248c0_0;
    %concat/vec4; draw_concat_vec4
    %dup/vec4;
    %pushi/vec4 1, 0, 2;
    %cmp/u;
    %jmp/1 T_1.22, 6;
    %dup/vec4;
    %pushi/vec4 2, 0, 2;
    %cmp/u;
    %jmp/1 T_1.23, 6;
    %dup/vec4;
    %pushi/vec4 3, 0, 2;
    %cmp/u;
    %jmp/1 T_1.24, 6;
    %jmp T_1.25;
T_1.22 ;
    %pushi/vec4 90, 0, 7;
    %store/vec4 v0x7ff582424a40_0, 0, 7;
    %jmp T_1.25;
T_1.23 ;
    %pushi/vec4 50, 0, 7;
    %store/vec4 v0x7ff582424a40_0, 0, 7;
    %jmp T_1.25;
T_1.24 ;
    %pushi/vec4 100, 0, 7;
    %store/vec4 v0x7ff582424a40_0, 0, 7;
    %jmp T_1.25;
T_1.25 ;
    %pop/vec4 1;
    %jmp T_1.5;
T_1.5 ;
    %pop/vec4 1;
    %pushi/vec4 50, 0, 32;
    %load/vec4 v0x7ff582424b90_0;
    %pad/u 32;
    %cmp/u;
    %flag_or 5, 4;
    %jmp/0xz  T_1.26, 5;
    %load/vec4 v0x7ff582424b90_0;
    %subi 50, 0, 7;
    %store/vec4 v0x7ff582406790_0, 0, 7;
    %pushi/vec4 1, 0, 1;
    %store/vec4 v0x7ff582424960_0, 0, 1;
    %pushi/vec4 0, 0, 7;
    %store/vec4 v0x7ff582424a40_0, 0, 7;
    %jmp T_1.27;
T_1.26 ;
    %pushi/vec4 0, 0, 1;
    %store/vec4 v0x7ff582424960_0, 0, 1;
    %pushi/vec4 0, 0, 7;
    %store/vec4 v0x7ff582406790_0, 0, 7;
T_1.27 ;
    %jmp T_1;
    .thread T_1, $push;
    .scope S_0x7ff58240c460;
T_2 ;
    %delay 5, 0;
    %load/vec4 v0x7ff582424d80_0;
    %inv;
    %store/vec4 v0x7ff582424d80_0, 0, 1;
    %jmp T_2;
    .thread T_2;
    .scope S_0x7ff58240c460;
T_3 ;
    %pushi/vec4 1, 0, 1;
    %store/vec4 v0x7ff582424d80_0, 0, 1;
    %pushi/vec4 0, 0, 1;
    %store/vec4 v0x7ff582425060_0, 0, 1;
    %pushi/vec4 0, 0, 1;
    %store/vec4 v0x7ff582424e10_0, 0, 1;
    %pushi/vec4 0, 0, 1;
    %store/vec4 v0x7ff582424ee0_0, 0, 1;
    %vpi_call/w 2 13 "$dumpfile", "vending.vcd" {0 0 0};
    %vpi_call/w 2 14 "$dumpvars", 32'sb00000000000000000000000000000000, S_0x7ff58240c460 {0 0 0};
    %pushi/vec4 1, 0, 1;
    %store/vec4 v0x7ff582425060_0, 0, 1;
    %delay 100, 0;
    %pushi/vec4 0, 0, 1;
    %store/vec4 v0x7ff582425060_0, 0, 1;
    %delay 100, 0;
    %pushi/vec4 1, 0, 1;
    %store/vec4 v0x7ff582424e10_0, 0, 1;
    %delay 20, 0;
    %pushi/vec4 0, 0, 1;
    %store/vec4 v0x7ff582424e10_0, 0, 1;
    %pushi/vec4 1, 0, 1;
    %store/vec4 v0x7ff582424ee0_0, 0, 1;
    %delay 10, 0;
    %pushi/vec4 0, 0, 1;
    %store/vec4 v0x7ff582424ee0_0, 0, 1;
    %delay 100, 0;
    %vpi_call/w 2 26 "$finish" {0 0 0};
    %end;
    .thread T_3;
# The file index is used to find the file name in the following table.
:file_names 4;
    "N/A";
    "<interactive>";
    "test.v";
    "vending.v";
