#! /usr/local/iverilog/bin/vvp
:ivl_version "11.0 (devel)" "(s20150603-642-g3bdb50da)";
:ivl_delay_selection "TYPICAL";
:vpi_time_precision + 0;
:vpi_module "system";
:vpi_module "vhdl_sys";
:vpi_module "vhdl_textio";
:vpi_module "v2005_math";
:vpi_module "va_math";
:vpi_module "v2009";
S_00000000008d2490 .scope package, "$unit" "$unit" 2 1;
 .timescale 0 0;
S_00000000008d2620 .scope module, "test" "test" 3 63;
 .timescale 0 0;
v0000000000902c10_0 .net "change", 6 0, v00000000008bced0_0;  1 drivers
v0000000000902cb0_0 .var "clk", 0 0;
v0000000000902d50_0 .var "coin_10", 0 0;
v0000000000902df0_0 .var "coin_50", 0 0;
v0000000000902e90_0 .net "item", 0 0, v000000000090ae00_0;  1 drivers
v0000000000902f30_0 .var "rst", 0 0;
S_000000000090ab30 .scope module, "x" "vending" 3 67, 3 1 0, S_00000000008d2620;
 .timescale 0 0;
    .port_info 0 /INPUT 1 "clk";
    .port_info 1 /INPUT 1 "rst";
    .port_info 2 /INPUT 1 "coin_10";
    .port_info 3 /INPUT 1 "coin_50";
    .port_info 4 /OUTPUT 1 "item";
    .port_info 5 /OUTPUT 7 "change";
v00000000008bced0_0 .var "change", 6 0;
v00000000008d27b0_0 .net "clk", 0 0, v0000000000902cb0_0;  1 drivers
v000000000090acc0_0 .net "coin_10", 0 0, v0000000000902d50_0;  1 drivers
v000000000090ad60_0 .net "coin_50", 0 0, v0000000000902df0_0;  1 drivers
v000000000090ae00_0 .var "item", 0 0;
v000000000090aea0_0 .var "nextstate", 6 0;
v0000000000902ad0_0 .net "rst", 0 0, v0000000000902f30_0;  1 drivers
v0000000000902b70_0 .var "state", 6 0;
E_00000000008f6420 .event edge, v0000000000902b70_0, v000000000090acc0_0, v000000000090ad60_0;
E_00000000008f65a0 .event posedge, v00000000008d27b0_0;
    .scope S_000000000090ab30;
T_0 ;
    %pushi/vec4 0, 0, 7;
    %store/vec4 v0000000000902b70_0, 0, 7;
    %pushi/vec4 0, 0, 7;
    %store/vec4 v000000000090aea0_0, 0, 7;
    %pushi/vec4 0, 0, 1;
    %store/vec4 v000000000090ae00_0, 0, 1;
    %pushi/vec4 0, 0, 7;
    %store/vec4 v00000000008bced0_0, 0, 7;
    %end;
    .thread T_0, $init;
    .scope S_000000000090ab30;
T_1 ;
    %wait E_00000000008f65a0;
    %load/vec4 v000000000090aea0_0;
    %assign/vec4 v0000000000902b70_0, 0;
    %jmp T_1;
    .thread T_1;
    .scope S_000000000090ab30;
T_2 ;
Ewait_0 .event/or E_00000000008f6420, E_0x0;
    %wait Ewait_0;
    %load/vec4 v0000000000902b70_0;
    %store/vec4 v000000000090aea0_0, 0, 7;
    %load/vec4 v0000000000902b70_0;
    %dup/vec4;
    %pushi/vec4 0, 0, 7;
    %cmp/u;
    %jmp/1 T_2.0, 6;
    %dup/vec4;
    %pushi/vec4 10, 0, 7;
    %cmp/u;
    %jmp/1 T_2.1, 6;
    %dup/vec4;
    %pushi/vec4 20, 0, 7;
    %cmp/u;
    %jmp/1 T_2.2, 6;
    %dup/vec4;
    %pushi/vec4 30, 0, 7;
    %cmp/u;
    %jmp/1 T_2.3, 6;
    %dup/vec4;
    %pushi/vec4 40, 0, 7;
    %cmp/u;
    %jmp/1 T_2.4, 6;
    %jmp T_2.5;
T_2.0 ;
    %load/vec4 v000000000090acc0_0;
    %load/vec4 v000000000090ad60_0;
    %concat/vec4; draw_concat_vec4
    %dup/vec4;
    %pushi/vec4 1, 0, 2;
    %cmp/u;
    %jmp/1 T_2.6, 6;
    %dup/vec4;
    %pushi/vec4 2, 0, 2;
    %cmp/u;
    %jmp/1 T_2.7, 6;
    %dup/vec4;
    %pushi/vec4 3, 0, 2;
    %cmp/u;
    %jmp/1 T_2.8, 6;
    %jmp T_2.9;
T_2.6 ;
    %pushi/vec4 50, 0, 7;
    %store/vec4 v000000000090aea0_0, 0, 7;
    %jmp T_2.9;
T_2.7 ;
    %pushi/vec4 10, 0, 7;
    %store/vec4 v000000000090aea0_0, 0, 7;
    %jmp T_2.9;
T_2.8 ;
    %pushi/vec4 60, 0, 7;
    %store/vec4 v000000000090aea0_0, 0, 7;
    %jmp T_2.9;
T_2.9 ;
    %pop/vec4 1;
    %jmp T_2.5;
T_2.1 ;
    %load/vec4 v000000000090acc0_0;
    %load/vec4 v000000000090ad60_0;
    %concat/vec4; draw_concat_vec4
    %dup/vec4;
    %pushi/vec4 1, 0, 2;
    %cmp/u;
    %jmp/1 T_2.10, 6;
    %dup/vec4;
    %pushi/vec4 2, 0, 2;
    %cmp/u;
    %jmp/1 T_2.11, 6;
    %dup/vec4;
    %pushi/vec4 3, 0, 2;
    %cmp/u;
    %jmp/1 T_2.12, 6;
    %jmp T_2.13;
T_2.10 ;
    %pushi/vec4 60, 0, 7;
    %store/vec4 v000000000090aea0_0, 0, 7;
    %jmp T_2.13;
T_2.11 ;
    %pushi/vec4 20, 0, 7;
    %store/vec4 v000000000090aea0_0, 0, 7;
    %jmp T_2.13;
T_2.12 ;
    %pushi/vec4 70, 0, 7;
    %store/vec4 v000000000090aea0_0, 0, 7;
    %jmp T_2.13;
T_2.13 ;
    %pop/vec4 1;
    %jmp T_2.5;
T_2.2 ;
    %load/vec4 v000000000090acc0_0;
    %load/vec4 v000000000090ad60_0;
    %concat/vec4; draw_concat_vec4
    %dup/vec4;
    %pushi/vec4 1, 0, 2;
    %cmp/u;
    %jmp/1 T_2.14, 6;
    %dup/vec4;
    %pushi/vec4 2, 0, 2;
    %cmp/u;
    %jmp/1 T_2.15, 6;
    %dup/vec4;
    %pushi/vec4 3, 0, 2;
    %cmp/u;
    %jmp/1 T_2.16, 6;
    %jmp T_2.17;
T_2.14 ;
    %pushi/vec4 70, 0, 7;
    %store/vec4 v000000000090aea0_0, 0, 7;
    %jmp T_2.17;
T_2.15 ;
    %pushi/vec4 30, 0, 7;
    %store/vec4 v000000000090aea0_0, 0, 7;
    %jmp T_2.17;
T_2.16 ;
    %pushi/vec4 80, 0, 7;
    %store/vec4 v000000000090aea0_0, 0, 7;
    %jmp T_2.17;
T_2.17 ;
    %pop/vec4 1;
    %jmp T_2.5;
T_2.3 ;
    %load/vec4 v000000000090acc0_0;
    %load/vec4 v000000000090ad60_0;
    %concat/vec4; draw_concat_vec4
    %dup/vec4;
    %pushi/vec4 1, 0, 2;
    %cmp/u;
    %jmp/1 T_2.18, 6;
    %dup/vec4;
    %pushi/vec4 2, 0, 2;
    %cmp/u;
    %jmp/1 T_2.19, 6;
    %dup/vec4;
    %pushi/vec4 3, 0, 2;
    %cmp/u;
    %jmp/1 T_2.20, 6;
    %jmp T_2.21;
T_2.18 ;
    %pushi/vec4 80, 0, 7;
    %store/vec4 v000000000090aea0_0, 0, 7;
    %jmp T_2.21;
T_2.19 ;
    %pushi/vec4 40, 0, 7;
    %store/vec4 v000000000090aea0_0, 0, 7;
    %jmp T_2.21;
T_2.20 ;
    %pushi/vec4 90, 0, 7;
    %store/vec4 v000000000090aea0_0, 0, 7;
    %jmp T_2.21;
T_2.21 ;
    %pop/vec4 1;
    %jmp T_2.5;
T_2.4 ;
    %load/vec4 v000000000090acc0_0;
    %load/vec4 v000000000090ad60_0;
    %concat/vec4; draw_concat_vec4
    %dup/vec4;
    %pushi/vec4 1, 0, 2;
    %cmp/u;
    %jmp/1 T_2.22, 6;
    %dup/vec4;
    %pushi/vec4 2, 0, 2;
    %cmp/u;
    %jmp/1 T_2.23, 6;
    %dup/vec4;
    %pushi/vec4 3, 0, 2;
    %cmp/u;
    %jmp/1 T_2.24, 6;
    %jmp T_2.25;
T_2.22 ;
    %pushi/vec4 90, 0, 7;
    %store/vec4 v000000000090aea0_0, 0, 7;
    %jmp T_2.25;
T_2.23 ;
    %pushi/vec4 50, 0, 7;
    %store/vec4 v000000000090aea0_0, 0, 7;
    %jmp T_2.25;
T_2.24 ;
    %pushi/vec4 100, 0, 7;
    %store/vec4 v000000000090aea0_0, 0, 7;
    %jmp T_2.25;
T_2.25 ;
    %pop/vec4 1;
    %jmp T_2.5;
T_2.5 ;
    %pop/vec4 1;
    %load/vec4 v0000000000902b70_0;
    %pad/u 32;
    %cmpi/u 50, 0, 32;
    %flag_inv 5; GE is !LT
    %jmp/0xz  T_2.26, 5;
    %load/vec4 v0000000000902b70_0;
    %subi 50, 0, 7;
    %store/vec4 v00000000008bced0_0, 0, 7;
    %pushi/vec4 1, 0, 1;
    %store/vec4 v000000000090ae00_0, 0, 1;
    %pushi/vec4 0, 0, 7;
    %store/vec4 v000000000090aea0_0, 0, 7;
T_2.26 ;
    %jmp T_2;
    .thread T_2, $push;
    .scope S_00000000008d2620;
T_3 ;
    %pushi/vec4 0, 0, 1;
    %store/vec4 v0000000000902f30_0, 0, 1;
    %pushi/vec4 0, 0, 1;
    %store/vec4 v0000000000902d50_0, 0, 1;
    %pushi/vec4 0, 0, 1;
    %store/vec4 v0000000000902df0_0, 0, 1;
    %vpi_call/w 3 72 "$dumpfile", "vending.vcd" {0 0 0};
    %vpi_call/w 3 73 "$dumpvars", 32'sb00000000000000000000000000000000, S_00000000008d2620 {0 0 0};
    %pushi/vec4 1, 0, 1;
    %store/vec4 v0000000000902f30_0, 0, 1;
    %delay 1, 0;
    %pushi/vec4 0, 0, 1;
    %store/vec4 v0000000000902f30_0, 0, 1;
    %pushi/vec4 1, 0, 1;
    %store/vec4 v0000000000902d50_0, 0, 1;
    %delay 2, 0;
    %pushi/vec4 0, 0, 1;
    %store/vec4 v0000000000902d50_0, 0, 1;
    %pushi/vec4 1, 0, 1;
    %store/vec4 v0000000000902df0_0, 0, 1;
    %delay 1, 0;
    %pushi/vec4 0, 0, 1;
    %store/vec4 v0000000000902df0_0, 0, 1;
    %delay 1, 0;
    %vpi_call/w 3 84 "$finish" {0 0 0};
    %end;
    .thread T_3;
    .scope S_00000000008d2620;
T_4 ;
    %pushi/vec4 0, 0, 1;
    %store/vec4 v0000000000902cb0_0, 0, 1;
    %pushi/vec4 1, 0, 1;
    %store/vec4 v0000000000902cb0_0, 0, 1;
    %delay 1, 0;
    %jmp T_4;
    .thread T_4;
# The file index is used to find the file name in the following table.
:file_names 4;
    "N/A";
    "<interactive>";
    "-";
    "ex4.v";
