#! /usr/local/Cellar/icarus-verilog/10.3/bin/vvp
:ivl_version "10.3 (stable)" "(v10_3)";
:ivl_delay_selection "TYPICAL";
:vpi_time_precision + 0;
:vpi_module "system";
:vpi_module "vhdl_sys";
:vpi_module "v2005_math";
:vpi_module "va_math";
:vpi_module "v2009";
S_0x7fa487f12a10 .scope module, "test" "test" 2 2;
 .timescale 0 0;
v0x7fa487f29f30_0 .var "clk", 0 0;
v0x7fa487f29fc0_0 .var "rst", 0 0;
v0x7fa487f2a050_0 .net "wd", 15 0, v0x7fa487f26280_0;  1 drivers
v0x7fa487f2a0e0_0 .net "we", 0 0, v0x7fa487f25090_0;  1 drivers
S_0x7fa487f12b70 .scope module, "pu" "pu" 2 5, 3 2 0, S_0x7fa487f12a10;
 .timescale 0 0;
    .port_info 0 /OUTPUT 1 "we"
    .port_info 1 /OUTPUT 16 "rwd"
    .port_info 2 /INPUT 1 "clk"
    .port_info 3 /INPUT 1 "rst"
L_0x7fa487d63098 .functor BUFT 1, C4<0000000000>, C4<0>, C4<0>, C4<0>;
v0x7fa487f28690_0 .net/2u *"_s0", 9 0, L_0x7fa487d63098;  1 drivers
v0x7fa487f28750_0 .net "a", 15 0, L_0x7fa487f2a330;  1 drivers
v0x7fa487f287f0_0 .net "ao", 15 0, v0x7fa487f23ce0_0;  1 drivers
v0x7fa487f288c0_0 .net "arad", 1 0, v0x7fa487f24d20_0;  1 drivers
v0x7fa487f28990_0 .net "b", 15 0, L_0x7fa487f2a5a0;  1 drivers
v0x7fa487f28a60_0 .net "bo", 15 0, v0x7fa487f26c00_0;  1 drivers
v0x7fa487f28b30_0 .net "brad", 1 0, v0x7fa487f24db0_0;  1 drivers
v0x7fa487f28c00_0 .net "c", 15 0, v0x7fa487f27f90_0;  1 drivers
v0x7fa487f28cd0_0 .net "ca", 0 0, v0x7fa487f23200_0;  1 drivers
v0x7fa487f28de0_0 .net "clk", 0 0, v0x7fa487f29f30_0;  1 drivers
v0x7fa487f28ef0_0 .net "cwe", 0 0, v0x7fa487f24430_0;  1 drivers
v0x7fa487f28f80_0 .net "dms", 0 0, v0x7fa487f244c0_0;  1 drivers
v0x7fa487f29010_0 .net "dmwe", 0 0, v0x7fa487f24570_0;  1 drivers
v0x7fa487f290e0_0 .net "dstb", 0 0, v0x7fa487f24610_0;  1 drivers
v0x7fa487f291b0_0 .net "h", 0 0, v0x7fa487f24810_0;  1 drivers
v0x7fa487f29280_0 .net "iv", 7 0, v0x7fa487f248b0_0;  1 drivers
v0x7fa487f29350_0 .net "liop", 1 0, v0x7fa487f249e0_0;  1 drivers
v0x7fa487f29520_0 .net "lp", 15 0, L_0x7fa487f2a730;  1 drivers
v0x7fa487f295b0_0 .net "mrd", 15 0, L_0x7fa487f2aa70;  1 drivers
v0x7fa487f29640_0 .net "o", 15 0, v0x7fa487f26670_0;  1 drivers
v0x7fa487f29710_0 .net "op", 2 0, v0x7fa487f24b40_0;  1 drivers
v0x7fa487f297e0_0 .net "pca", 5 0, v0x7fa487f27250_0;  1 drivers
v0x7fa487f298b0_0 .net "pcs", 0 0, v0x7fa487f24c00_0;  1 drivers
v0x7fa487f29980_0 .net "pcwe", 0 0, v0x7fa487f24c90_0;  1 drivers
v0x7fa487f29a50_0 .net "rst", 0 0, v0x7fa487f29fc0_0;  1 drivers
v0x7fa487f29b60_0 .net "rwd", 15 0, v0x7fa487f26280_0;  alias, 1 drivers
v0x7fa487f29bf0_0 .net "sg", 0 0, v0x7fa487f23730_0;  1 drivers
v0x7fa487f29cc0_0 .net "wad", 1 0, v0x7fa487f25000_0;  1 drivers
v0x7fa487f29d90_0 .net "we", 0 0, v0x7fa487f25090_0;  alias, 1 drivers
v0x7fa487f29e60_0 .net "ze", 0 0, v0x7fa487f237d0_0;  1 drivers
L_0x7fa487f2a690 .concat [ 6 10 0 0], v0x7fa487f27250_0, L_0x7fa487d63098;
L_0x7fa487f2a7d0 .part v0x7fa487f26280_0, 0, 6;
L_0x7fa487f2ab20 .part v0x7fa487f27f90_0, 0, 8;
S_0x7fa487f12cd0 .scope module, "alu" "alu" 3 14, 4 3 0, S_0x7fa487f12b70;
 .timescale 0 0;
    .port_info 0 /INPUT 16 "a"
    .port_info 1 /INPUT 16 "b"
    .port_info 2 /INPUT 3 "op"
    .port_info 3 /OUTPUT 16 "r"
    .port_info 4 /INPUT 1 "dstb"
    .port_info 5 /OUTPUT 1 "ze"
    .port_info 6 /OUTPUT 1 "ca"
    .port_info 7 /OUTPUT 1 "sg"
    .port_info 8 /INPUT 1 "clk"
    .port_info 9 /INPUT 1 "rst"
    .port_info 10 /INPUT 16 "c"
enum0x7fa487e36cd0 .enum2/s (32)
   "ADD" 0,
   "SUB" 1,
   "THB" 2,
   "ASR" 3,
   "RSR" 4,
   "RSL" 5,
   "NAD" 6,
   "XOR" 7
 ;
v0x7fa487f12ff0_0 .net "a", 15 0, v0x7fa487f23ce0_0;  alias, 1 drivers
v0x7fa487f23090_0 .net "b", 15 0, v0x7fa487f26c00_0;  alias, 1 drivers
v0x7fa487f23140_0 .net "c", 15 0, v0x7fa487f27f90_0;  alias, 1 drivers
v0x7fa487f23200_0 .var "ca", 0 0;
v0x7fa487f232a0_0 .net "clk", 0 0, v0x7fa487f29f30_0;  alias, 1 drivers
v0x7fa487f23380_0 .net "dstb", 0 0, v0x7fa487f24610_0;  alias, 1 drivers
v0x7fa487f23420_0 .net "op", 2 0, v0x7fa487f24b40_0;  alias, 1 drivers
v0x7fa487f234d0_0 .net "r", 15 0, L_0x7fa487f2a730;  alias, 1 drivers
v0x7fa487f23580_0 .var "rr", 16 0;
v0x7fa487f23690_0 .net "rst", 0 0, v0x7fa487f29fc0_0;  alias, 1 drivers
v0x7fa487f23730_0 .var "sg", 0 0;
v0x7fa487f237d0_0 .var "ze", 0 0;
E_0x7fa487f11710 .event posedge, v0x7fa487f23690_0, v0x7fa487f232a0_0;
E_0x7fa487f12020 .event edge, v0x7fa487f23420_0, v0x7fa487f12ff0_0, v0x7fa487f23090_0, v0x7fa487f23140_0;
L_0x7fa487f2a730 .part v0x7fa487f23580_0, 0, 16;
S_0x7fa487f23980 .scope module, "asel" "sel" 3 12, 5 2 0, S_0x7fa487f12b70;
 .timescale 0 0;
    .port_info 0 /INPUT 16 "a"
    .port_info 1 /INPUT 16 "b"
    .port_info 2 /INPUT 1 "s"
    .port_info 3 /OUTPUT 16 "o"
v0x7fa487f23b80_0 .net "a", 15 0, L_0x7fa487f2a330;  alias, 1 drivers
v0x7fa487f23c30_0 .net "b", 15 0, L_0x7fa487f2a690;  1 drivers
v0x7fa487f23ce0_0 .var "o", 15 0;
v0x7fa487f23db0_0 .net "s", 0 0, v0x7fa487f24c00_0;  alias, 1 drivers
E_0x7fa487f23b30 .event edge, v0x7fa487f23db0_0, v0x7fa487f23c30_0, v0x7fa487f23b80_0;
S_0x7fa487f23ea0 .scope module, "dec" "dec" 3 17, 6 5 0, S_0x7fa487f12b70;
 .timescale 0 0;
    .port_info 0 /INPUT 16 "o"
    .port_info 1 /OUTPUT 1 "h"
    .port_info 2 /OUTPUT 1 "we"
    .port_info 3 /OUTPUT 2 "wad"
    .port_info 4 /OUTPUT 3 "op"
    .port_info 5 /OUTPUT 2 "rb"
    .port_info 6 /OUTPUT 2 "ra"
    .port_info 7 /OUTPUT 2 "liop"
    .port_info 8 /OUTPUT 8 "iv"
    .port_info 9 /OUTPUT 1 "pcwe"
    .port_info 10 /OUTPUT 1 "dmwe"
    .port_info 11 /OUTPUT 1 "dms"
    .port_info 12 /OUTPUT 1 "pcs"
    .port_info 13 /OUTPUT 1 "dstb"
    .port_info 14 /INPUT 1 "ze"
    .port_info 15 /INPUT 1 "ca"
    .port_info 16 /INPUT 1 "sg"
    .port_info 17 /OUTPUT 1 "cwe"
enum0x7fa487e38630 .enum2/s (32)
   "THU" 0,
   "IMM" 1,
   "LIL" 2,
   "LIH" 3
 ;
enum0x7fa487e38f90 .enum2/s (32)
   "UC" 0,
   "ZE" 1,
   "CA" 2,
   "SG" 3
 ;
v0x7fa487f24380_0 .net "ca", 0 0, v0x7fa487f23200_0;  alias, 1 drivers
v0x7fa487f24430_0 .var "cwe", 0 0;
v0x7fa487f244c0_0 .var "dms", 0 0;
v0x7fa487f24570_0 .var "dmwe", 0 0;
v0x7fa487f24610_0 .var "dstb", 0 0;
v0x7fa487f246e0_0 .var "f1", 0 0;
v0x7fa487f24770_0 .var "f2", 0 0;
v0x7fa487f24810_0 .var "h", 0 0;
v0x7fa487f248b0_0 .var "iv", 7 0;
v0x7fa487f249e0_0 .var "liop", 1 0;
v0x7fa487f24a90_0 .net "o", 15 0, v0x7fa487f26670_0;  alias, 1 drivers
v0x7fa487f24b40_0 .var "op", 2 0;
v0x7fa487f24c00_0 .var "pcs", 0 0;
v0x7fa487f24c90_0 .var "pcwe", 0 0;
v0x7fa487f24d20_0 .var "ra", 1 0;
v0x7fa487f24db0_0 .var "rb", 1 0;
v0x7fa487f24e50_0 .net "sg", 0 0, v0x7fa487f23730_0;  alias, 1 drivers
v0x7fa487f25000_0 .var "wad", 1 0;
v0x7fa487f25090_0 .var "we", 0 0;
v0x7fa487f25120_0 .net "ze", 0 0, v0x7fa487f237d0_0;  alias, 1 drivers
v0x7fa487f281a0_0 .array/port v0x7fa487f281a0, 0;
E_0x7fa487f24290/0 .event edge, v0x7fa487f26720_0, v0x7fa487f24c90_0, v0x7fa487f24a90_0, v0x7fa487f281a0_0;
v0x7fa487f281a0_1 .array/port v0x7fa487f281a0, 1;
v0x7fa487f281a0_2 .array/port v0x7fa487f281a0, 2;
v0x7fa487f281a0_3 .array/port v0x7fa487f281a0, 3;
E_0x7fa487f24290/1 .event edge, v0x7fa487f281a0_1, v0x7fa487f281a0_2, v0x7fa487f281a0_3, v0x7fa487f246e0_0;
E_0x7fa487f24290/2 .event edge, v0x7fa487f24770_0;
E_0x7fa487f24290 .event/or E_0x7fa487f24290/0, E_0x7fa487f24290/1, E_0x7fa487f24290/2;
E_0x7fa487f24310 .event edge, v0x7fa487f24a90_0, v0x7fa487f237d0_0, v0x7fa487f23200_0, v0x7fa487f23730_0;
S_0x7fa487f25310 .scope module, "dmem" "dmem" 3 19, 7 2 0, S_0x7fa487f12b70;
 .timescale 0 0;
    .port_info 0 /INPUT 8 "c"
    .port_info 1 /INPUT 16 "wd"
    .port_info 2 /INPUT 1 "we"
    .port_info 3 /OUTPUT 16 "rd"
    .port_info 4 /INPUT 1 "clk"
    .port_info 5 /INPUT 1 "rst"
    .port_info 6 /INPUT 1 "cwe"
L_0x7fa487f2aa70 .functor BUFZ 16, L_0x7fa487f2a8f0, C4<0000000000000000>, C4<0000000000000000>, C4<0000000000000000>;
v0x7fa487f24050_0 .net *"_s0", 15 0, L_0x7fa487f2a8f0;  1 drivers
v0x7fa487f25630_0 .net *"_s2", 9 0, L_0x7fa487f2a990;  1 drivers
L_0x7fa487d630e0 .functor BUFT 1, C4<00>, C4<0>, C4<0>, C4<0>;
v0x7fa487f256e0_0 .net *"_s5", 1 0, L_0x7fa487d630e0;  1 drivers
v0x7fa487f257a0_0 .net "c", 7 0, L_0x7fa487f2ab20;  1 drivers
v0x7fa487f25850_0 .var "c_state", 7 0;
v0x7fa487f25940_0 .net "clk", 0 0, v0x7fa487f29f30_0;  alias, 1 drivers
v0x7fa487f259d0_0 .net "cwe", 0 0, v0x7fa487f24430_0;  alias, 1 drivers
v0x7fa487f25a80 .array "dm", 0 255, 15 0;
v0x7fa487f25b10_0 .net "rd", 15 0, L_0x7fa487f2aa70;  alias, 1 drivers
v0x7fa487f25c30_0 .net "rst", 0 0, v0x7fa487f29fc0_0;  alias, 1 drivers
v0x7fa487f25ce0_0 .net "wd", 15 0, L_0x7fa487f2a5a0;  alias, 1 drivers
v0x7fa487f25d70_0 .net "we", 0 0, v0x7fa487f24570_0;  alias, 1 drivers
E_0x7fa487f255b0 .event posedge, v0x7fa487f232a0_0;
L_0x7fa487f2a8f0 .array/port v0x7fa487f25a80, L_0x7fa487f2a990;
L_0x7fa487f2a990 .concat [ 8 2 0 0], v0x7fa487f25850_0, L_0x7fa487d630e0;
S_0x7fa487f25e90 .scope module, "dsel" "sel" 3 20, 5 2 0, S_0x7fa487f12b70;
 .timescale 0 0;
    .port_info 0 /INPUT 16 "a"
    .port_info 1 /INPUT 16 "b"
    .port_info 2 /INPUT 1 "s"
    .port_info 3 /OUTPUT 16 "o"
v0x7fa487f26100_0 .net "a", 15 0, L_0x7fa487f2a730;  alias, 1 drivers
v0x7fa487f261d0_0 .net "b", 15 0, L_0x7fa487f2aa70;  alias, 1 drivers
v0x7fa487f26280_0 .var "o", 15 0;
v0x7fa487f26330_0 .net "s", 0 0, v0x7fa487f244c0_0;  alias, 1 drivers
E_0x7fa487f260a0 .event edge, v0x7fa487f244c0_0, v0x7fa487f25b10_0, v0x7fa487f234d0_0;
S_0x7fa487f26430 .scope module, "imem" "imem" 3 16, 8 2 0, S_0x7fa487f12b70;
 .timescale 0 0;
    .port_info 0 /INPUT 6 "pc"
    .port_info 1 /OUTPUT 16 "o"
v0x7fa487f26670_0 .var "o", 15 0;
v0x7fa487f26720_0 .net "pc", 5 0, v0x7fa487f27250_0;  alias, 1 drivers
E_0x7fa487f26620 .event edge, v0x7fa487f26720_0;
S_0x7fa487f267f0 .scope module, "lidx" "lidx" 3 13, 9 2 0, S_0x7fa487f12b70;
 .timescale 0 0;
    .port_info 0 /INPUT 16 "i"
    .port_info 1 /INPUT 8 "iv"
    .port_info 2 /INPUT 2 "op"
    .port_info 3 /OUTPUT 16 "o"
enum0x7fa487e36010 .enum2/s (32)
   "THU" 0,
   "IMM" 1,
   "LIL" 2,
   "LIH" 3
 ;
v0x7fa487f26a80_0 .net "i", 15 0, L_0x7fa487f2a5a0;  alias, 1 drivers
v0x7fa487f26b50_0 .net "iv", 7 0, v0x7fa487f248b0_0;  alias, 1 drivers
v0x7fa487f26c00_0 .var "o", 15 0;
v0x7fa487f26cd0_0 .net "op", 1 0, v0x7fa487f249e0_0;  alias, 1 drivers
E_0x7fa487f26a20 .event edge, v0x7fa487f249e0_0, v0x7fa487f25ce0_0, v0x7fa487f248b0_0;
S_0x7fa487f26dc0 .scope module, "pc" "pc" 3 15, 10 2 0, S_0x7fa487f12b70;
 .timescale 0 0;
    .port_info 0 /INPUT 1 "halt"
    .port_info 1 /OUTPUT 6 "pc"
    .port_info 2 /INPUT 1 "we"
    .port_info 3 /INPUT 6 "jpc"
    .port_info 4 /INPUT 1 "clk"
    .port_info 5 /INPUT 1 "rst"
v0x7fa487f27030_0 .net "clk", 0 0, v0x7fa487f29f30_0;  alias, 1 drivers
v0x7fa487f27110_0 .net "halt", 0 0, v0x7fa487f24810_0;  alias, 1 drivers
v0x7fa487f271a0_0 .net "jpc", 5 0, L_0x7fa487f2a7d0;  1 drivers
v0x7fa487f27250_0 .var "pc", 5 0;
v0x7fa487f27300_0 .net "rst", 0 0, v0x7fa487f29fc0_0;  alias, 1 drivers
v0x7fa487f27410_0 .net "we", 0 0, v0x7fa487f24c90_0;  alias, 1 drivers
S_0x7fa487f274e0 .scope module, "rega" "rega" 3 11, 11 2 0, S_0x7fa487f12b70;
 .timescale 0 0;
    .port_info 0 /INPUT 2 "arad"
    .port_info 1 /INPUT 2 "brad"
    .port_info 2 /OUTPUT 16 "a"
    .port_info 3 /OUTPUT 16 "b"
    .port_info 4 /INPUT 1 "we"
    .port_info 5 /INPUT 2 "wad"
    .port_info 6 /INPUT 16 "wd"
    .port_info 7 /INPUT 1 "clk"
    .port_info 8 /INPUT 1 "rst"
    .port_info 9 /INPUT 1 "cwe"
    .port_info 10 /OUTPUT 16 "c"
L_0x7fa487f2a330 .functor BUFZ 16, L_0x7fa487f2a170, C4<0000000000000000>, C4<0000000000000000>, C4<0000000000000000>;
L_0x7fa487f2a5a0 .functor BUFZ 16, L_0x7fa487f2a3e0, C4<0000000000000000>, C4<0000000000000000>, C4<0000000000000000>;
v0x7fa487f27880_0 .net *"_s0", 15 0, L_0x7fa487f2a170;  1 drivers
v0x7fa487f27910_0 .net *"_s10", 3 0, L_0x7fa487f2a480;  1 drivers
L_0x7fa487d63050 .functor BUFT 1, C4<00>, C4<0>, C4<0>, C4<0>;
v0x7fa487f279b0_0 .net *"_s13", 1 0, L_0x7fa487d63050;  1 drivers
v0x7fa487f27a40_0 .net *"_s2", 3 0, L_0x7fa487f2a210;  1 drivers
L_0x7fa487d63008 .functor BUFT 1, C4<00>, C4<0>, C4<0>, C4<0>;
v0x7fa487f27af0_0 .net *"_s5", 1 0, L_0x7fa487d63008;  1 drivers
v0x7fa487f27be0_0 .net *"_s8", 15 0, L_0x7fa487f2a3e0;  1 drivers
v0x7fa487f27c90_0 .net "a", 15 0, L_0x7fa487f2a330;  alias, 1 drivers
v0x7fa487f27d30_0 .net "arad", 1 0, v0x7fa487f24d20_0;  alias, 1 drivers
v0x7fa487f27de0_0 .net "b", 15 0, L_0x7fa487f2a5a0;  alias, 1 drivers
v0x7fa487f27ef0_0 .net "brad", 1 0, v0x7fa487f24db0_0;  alias, 1 drivers
v0x7fa487f27f90_0 .var "c", 15 0;
v0x7fa487f28040_0 .net "clk", 0 0, v0x7fa487f29f30_0;  alias, 1 drivers
v0x7fa487f280d0_0 .net "cwe", 0 0, v0x7fa487f24430_0;  alias, 1 drivers
v0x7fa487f281a0 .array "regar", 0 3, 15 0;
v0x7fa487f28270_0 .net "rst", 0 0, v0x7fa487f29fc0_0;  alias, 1 drivers
v0x7fa487f28300_0 .net "wad", 1 0, v0x7fa487f25000_0;  alias, 1 drivers
v0x7fa487f283c0_0 .net "wd", 15 0, v0x7fa487f26280_0;  alias, 1 drivers
v0x7fa487f28570_0 .net "we", 0 0, v0x7fa487f25090_0;  alias, 1 drivers
L_0x7fa487f2a170 .array/port v0x7fa487f281a0, L_0x7fa487f2a210;
L_0x7fa487f2a210 .concat [ 2 2 0 0], v0x7fa487f24d20_0, L_0x7fa487d63008;
L_0x7fa487f2a3e0 .array/port v0x7fa487f281a0, L_0x7fa487f2a480;
L_0x7fa487f2a480 .concat [ 2 2 0 0], v0x7fa487f24db0_0, L_0x7fa487d63050;
    .scope S_0x7fa487f274e0;
T_0 ;
    %wait E_0x7fa487f11710;
    %load/vec4 v0x7fa487f28270_0;
    %flag_set/vec4 8;
    %jmp/0xz  T_0.0, 8;
    %pushi/vec4 0, 0, 16;
    %ix/load 3, 0, 0;
    %flag_set/imm 4, 0;
    %ix/load 4, 0, 0; Constant delay
    %assign/vec4/a/d v0x7fa487f281a0, 0, 4;
    %pushi/vec4 0, 0, 16;
    %ix/load 3, 1, 0;
    %flag_set/imm 4, 0;
    %ix/load 4, 0, 0; Constant delay
    %assign/vec4/a/d v0x7fa487f281a0, 0, 4;
    %pushi/vec4 0, 0, 16;
    %ix/load 3, 2, 0;
    %flag_set/imm 4, 0;
    %ix/load 4, 0, 0; Constant delay
    %assign/vec4/a/d v0x7fa487f281a0, 0, 4;
    %pushi/vec4 0, 0, 16;
    %ix/load 3, 3, 0;
    %flag_set/imm 4, 0;
    %ix/load 4, 0, 0; Constant delay
    %assign/vec4/a/d v0x7fa487f281a0, 0, 4;
    %pushi/vec4 0, 0, 16;
    %assign/vec4 v0x7fa487f27f90_0, 0;
    %jmp T_0.1;
T_0.0 ;
    %load/vec4 v0x7fa487f28570_0;
    %flag_set/vec4 8;
    %jmp/0xz  T_0.2, 8;
    %load/vec4 v0x7fa487f283c0_0;
    %load/vec4 v0x7fa487f28300_0;
    %pad/u 4;
    %ix/vec4 3;
    %ix/load 4, 0, 0; Constant delay
    %assign/vec4/a/d v0x7fa487f281a0, 0, 4;
T_0.2 ;
    %load/vec4 v0x7fa487f280d0_0;
    %flag_set/vec4 8;
    %jmp/0xz  T_0.4, 8;
    %load/vec4 v0x7fa487f27f90_0;
    %addi 1, 0, 16;
    %assign/vec4 v0x7fa487f27f90_0, 0;
T_0.4 ;
T_0.1 ;
    %jmp T_0;
    .thread T_0;
    .scope S_0x7fa487f23980;
T_1 ;
    %wait E_0x7fa487f23b30;
    %load/vec4 v0x7fa487f23db0_0;
    %flag_set/vec4 8;
    %jmp/0xz  T_1.0, 8;
    %load/vec4 v0x7fa487f23c30_0;
    %store/vec4 v0x7fa487f23ce0_0, 0, 16;
    %jmp T_1.1;
T_1.0 ;
    %load/vec4 v0x7fa487f23b80_0;
    %store/vec4 v0x7fa487f23ce0_0, 0, 16;
T_1.1 ;
    %jmp T_1;
    .thread T_1, $push;
    .scope S_0x7fa487f267f0;
T_2 ;
    %wait E_0x7fa487f26a20;
    %load/vec4 v0x7fa487f26cd0_0;
    %dup/vec4;
    %pushi/vec4 0, 0, 2;
    %cmp/x;
    %jmp/1 T_2.0, 4;
    %dup/vec4;
    %pushi/vec4 1, 0, 2;
    %cmp/x;
    %jmp/1 T_2.1, 4;
    %dup/vec4;
    %pushi/vec4 2, 0, 2;
    %cmp/x;
    %jmp/1 T_2.2, 4;
    %dup/vec4;
    %pushi/vec4 3, 0, 2;
    %cmp/x;
    %jmp/1 T_2.3, 4;
    %jmp T_2.4;
T_2.0 ;
    %load/vec4 v0x7fa487f26a80_0;
    %store/vec4 v0x7fa487f26c00_0, 0, 16;
    %jmp T_2.4;
T_2.1 ;
    %load/vec4 v0x7fa487f26b50_0;
    %parti/s 1, 7, 4;
    %replicate 8;
    %load/vec4 v0x7fa487f26b50_0;
    %concat/vec4; draw_concat_vec4
    %store/vec4 v0x7fa487f26c00_0, 0, 16;
    %jmp T_2.4;
T_2.2 ;
    %load/vec4 v0x7fa487f26a80_0;
    %parti/s 8, 8, 5;
    %load/vec4 v0x7fa487f26b50_0;
    %concat/vec4; draw_concat_vec4
    %store/vec4 v0x7fa487f26c00_0, 0, 16;
    %jmp T_2.4;
T_2.3 ;
    %load/vec4 v0x7fa487f26b50_0;
    %load/vec4 v0x7fa487f26a80_0;
    %parti/s 8, 0, 2;
    %concat/vec4; draw_concat_vec4
    %store/vec4 v0x7fa487f26c00_0, 0, 16;
    %jmp T_2.4;
T_2.4 ;
    %pop/vec4 1;
    %jmp T_2;
    .thread T_2, $push;
    .scope S_0x7fa487f12cd0;
T_3 ;
    %wait E_0x7fa487f12020;
    %load/vec4 v0x7fa487f23420_0;
    %dup/vec4;
    %pushi/vec4 0, 0, 3;
    %cmp/u;
    %jmp/1 T_3.0, 6;
    %dup/vec4;
    %pushi/vec4 1, 0, 3;
    %cmp/u;
    %jmp/1 T_3.1, 6;
    %dup/vec4;
    %pushi/vec4 2, 0, 3;
    %cmp/u;
    %jmp/1 T_3.2, 6;
    %dup/vec4;
    %pushi/vec4 3, 0, 3;
    %cmp/u;
    %jmp/1 T_3.3, 6;
    %dup/vec4;
    %pushi/vec4 4, 0, 3;
    %cmp/u;
    %jmp/1 T_3.4, 6;
    %dup/vec4;
    %pushi/vec4 5, 0, 3;
    %cmp/u;
    %jmp/1 T_3.5, 6;
    %dup/vec4;
    %pushi/vec4 6, 0, 3;
    %cmp/u;
    %jmp/1 T_3.6, 6;
    %dup/vec4;
    %pushi/vec4 7, 0, 3;
    %cmp/u;
    %jmp/1 T_3.7, 6;
    %jmp T_3.8;
T_3.0 ;
    %load/vec4 v0x7fa487f12ff0_0;
    %pad/u 17;
    %load/vec4 v0x7fa487f23090_0;
    %pad/u 17;
    %add;
    %store/vec4 v0x7fa487f23580_0, 0, 17;
    %jmp T_3.8;
T_3.1 ;
    %load/vec4 v0x7fa487f23090_0;
    %pad/u 17;
    %load/vec4 v0x7fa487f23140_0;
    %pad/u 17;
    %sub;
    %store/vec4 v0x7fa487f23580_0, 0, 17;
    %jmp T_3.8;
T_3.2 ;
    %load/vec4 v0x7fa487f23090_0;
    %pad/u 17;
    %store/vec4 v0x7fa487f23580_0, 0, 17;
    %jmp T_3.8;
T_3.3 ;
    %load/vec4 v0x7fa487f12ff0_0;
    %pad/u 17;
    %ix/getv 4, v0x7fa487f23090_0;
    %shiftr 4;
    %store/vec4 v0x7fa487f23580_0, 0, 17;
    %jmp T_3.8;
T_3.4 ;
    %load/vec4 v0x7fa487f12ff0_0;
    %pad/u 17;
    %ix/getv 4, v0x7fa487f23090_0;
    %shiftr 4;
    %store/vec4 v0x7fa487f23580_0, 0, 17;
    %jmp T_3.8;
T_3.5 ;
    %load/vec4 v0x7fa487f12ff0_0;
    %pad/u 17;
    %ix/getv 4, v0x7fa487f23090_0;
    %shiftl 4;
    %store/vec4 v0x7fa487f23580_0, 0, 17;
    %jmp T_3.8;
T_3.6 ;
    %load/vec4 v0x7fa487f12ff0_0;
    %pad/u 17;
    %load/vec4 v0x7fa487f23090_0;
    %pad/u 17;
    %and;
    %inv;
    %store/vec4 v0x7fa487f23580_0, 0, 17;
    %jmp T_3.8;
T_3.7 ;
    %load/vec4 v0x7fa487f12ff0_0;
    %pad/u 17;
    %load/vec4 v0x7fa487f23090_0;
    %pad/u 17;
    %xor;
    %store/vec4 v0x7fa487f23580_0, 0, 17;
    %jmp T_3.8;
T_3.8 ;
    %pop/vec4 1;
    %jmp T_3;
    .thread T_3, $push;
    .scope S_0x7fa487f12cd0;
T_4 ;
    %wait E_0x7fa487f11710;
    %load/vec4 v0x7fa487f23690_0;
    %flag_set/vec4 8;
    %jmp/0xz  T_4.0, 8;
    %pushi/vec4 0, 0, 1;
    %assign/vec4 v0x7fa487f237d0_0, 0;
    %pushi/vec4 0, 0, 1;
    %assign/vec4 v0x7fa487f23200_0, 0;
    %pushi/vec4 0, 0, 1;
    %assign/vec4 v0x7fa487f23730_0, 0;
    %jmp T_4.1;
T_4.0 ;
    %load/vec4 v0x7fa487f234d0_0;
    %pad/u 32;
    %cmpi/e 0, 0, 32;
    %jmp/0xz  T_4.2, 4;
    %pushi/vec4 1, 0, 1;
    %assign/vec4 v0x7fa487f237d0_0, 0;
    %jmp T_4.3;
T_4.2 ;
    %pushi/vec4 0, 0, 1;
    %assign/vec4 v0x7fa487f237d0_0, 0;
T_4.3 ;
    %load/vec4 v0x7fa487f234d0_0;
    %parti/s 1, 15, 5;
    %cmpi/e 1, 0, 1;
    %jmp/0xz  T_4.4, 4;
    %pushi/vec4 1, 0, 1;
    %assign/vec4 v0x7fa487f23730_0, 0;
    %jmp T_4.5;
T_4.4 ;
    %pushi/vec4 0, 0, 1;
    %assign/vec4 v0x7fa487f23730_0, 0;
T_4.5 ;
    %load/vec4 v0x7fa487f23580_0;
    %parti/s 1, 16, 6;
    %cmpi/e 1, 0, 1;
    %jmp/0xz  T_4.6, 4;
    %pushi/vec4 1, 0, 1;
    %assign/vec4 v0x7fa487f23200_0, 0;
    %jmp T_4.7;
T_4.6 ;
    %pushi/vec4 0, 0, 1;
    %assign/vec4 v0x7fa487f23200_0, 0;
T_4.7 ;
T_4.1 ;
    %jmp T_4;
    .thread T_4;
    .scope S_0x7fa487f26dc0;
T_5 ;
    %wait E_0x7fa487f11710;
    %load/vec4 v0x7fa487f27300_0;
    %flag_set/vec4 8;
    %jmp/0xz  T_5.0, 8;
    %pushi/vec4 0, 0, 6;
    %assign/vec4 v0x7fa487f27250_0, 0;
    %jmp T_5.1;
T_5.0 ;
    %load/vec4 v0x7fa487f27110_0;
    %nor/r;
    %flag_set/vec4 8;
    %jmp/0xz  T_5.2, 8;
    %load/vec4 v0x7fa487f27410_0;
    %cmpi/e 1, 0, 1;
    %jmp/0xz  T_5.4, 4;
    %load/vec4 v0x7fa487f271a0_0;
    %assign/vec4 v0x7fa487f27250_0, 0;
    %jmp T_5.5;
T_5.4 ;
    %load/vec4 v0x7fa487f27250_0;
    %addi 1, 0, 6;
    %assign/vec4 v0x7fa487f27250_0, 0;
T_5.5 ;
T_5.2 ;
T_5.1 ;
    %jmp T_5;
    .thread T_5;
    .scope S_0x7fa487f26430;
T_6 ;
    %wait E_0x7fa487f26620;
    %load/vec4 v0x7fa487f26720_0;
    %dup/vec4;
    %pushi/vec4 0, 0, 6;
    %cmp/u;
    %jmp/1 T_6.0, 6;
    %dup/vec4;
    %pushi/vec4 1, 0, 6;
    %cmp/u;
    %jmp/1 T_6.1, 6;
    %dup/vec4;
    %pushi/vec4 2, 0, 6;
    %cmp/u;
    %jmp/1 T_6.2, 6;
    %dup/vec4;
    %pushi/vec4 3, 0, 6;
    %cmp/u;
    %jmp/1 T_6.3, 6;
    %dup/vec4;
    %pushi/vec4 4, 0, 6;
    %cmp/u;
    %jmp/1 T_6.4, 6;
    %dup/vec4;
    %pushi/vec4 5, 0, 6;
    %cmp/u;
    %jmp/1 T_6.5, 6;
    %dup/vec4;
    %pushi/vec4 6, 0, 6;
    %cmp/u;
    %jmp/1 T_6.6, 6;
    %dup/vec4;
    %pushi/vec4 7, 0, 6;
    %cmp/u;
    %jmp/1 T_6.7, 6;
    %dup/vec4;
    %pushi/vec4 8, 0, 6;
    %cmp/u;
    %jmp/1 T_6.8, 6;
    %dup/vec4;
    %pushi/vec4 9, 0, 6;
    %cmp/u;
    %jmp/1 T_6.9, 6;
    %dup/vec4;
    %pushi/vec4 10, 0, 6;
    %cmp/u;
    %jmp/1 T_6.10, 6;
    %dup/vec4;
    %pushi/vec4 11, 0, 6;
    %cmp/u;
    %jmp/1 T_6.11, 6;
    %dup/vec4;
    %pushi/vec4 12, 0, 6;
    %cmp/u;
    %jmp/1 T_6.12, 6;
    %dup/vec4;
    %pushi/vec4 13, 0, 6;
    %cmp/u;
    %jmp/1 T_6.13, 6;
    %dup/vec4;
    %pushi/vec4 14, 0, 6;
    %cmp/u;
    %jmp/1 T_6.14, 6;
    %dup/vec4;
    %pushi/vec4 15, 0, 6;
    %cmp/u;
    %jmp/1 T_6.15, 6;
    %dup/vec4;
    %pushi/vec4 16, 0, 6;
    %cmp/u;
    %jmp/1 T_6.16, 6;
    %dup/vec4;
    %pushi/vec4 17, 0, 6;
    %cmp/u;
    %jmp/1 T_6.17, 6;
    %dup/vec4;
    %pushi/vec4 18, 0, 6;
    %cmp/u;
    %jmp/1 T_6.18, 6;
    %jmp T_6.19;
T_6.0 ;
    %pushi/vec4 0, 0, 16;
    %store/vec4 v0x7fa487f26670_0, 0, 16;
    %jmp T_6.19;
T_6.1 ;
    %pushi/vec4 33027, 0, 16;
    %store/vec4 v0x7fa487f26670_0, 0, 16;
    %jmp T_6.19;
T_6.2 ;
    %pushi/vec4 18432, 0, 16;
    %store/vec4 v0x7fa487f26670_0, 0, 16;
    %jmp T_6.19;
T_6.3 ;
    %pushi/vec4 51200, 0, 16;
    %store/vec4 v0x7fa487f26670_0, 0, 16;
    %jmp T_6.19;
T_6.4 ;
    %pushi/vec4 34048, 0, 16;
    %store/vec4 v0x7fa487f26670_0, 0, 16;
    %jmp T_6.19;
T_6.5 ;
    %pushi/vec4 18688, 0, 16;
    %store/vec4 v0x7fa487f26670_0, 0, 16;
    %jmp T_6.19;
T_6.6 ;
    %pushi/vec4 51200, 0, 16;
    %store/vec4 v0x7fa487f26670_0, 0, 16;
    %jmp T_6.19;
T_6.7 ;
    %pushi/vec4 35074, 0, 16;
    %store/vec4 v0x7fa487f26670_0, 0, 16;
    %jmp T_6.19;
T_6.8 ;
    %pushi/vec4 18944, 0, 16;
    %store/vec4 v0x7fa487f26670_0, 0, 16;
    %jmp T_6.19;
T_6.9 ;
    %pushi/vec4 51200, 0, 16;
    %store/vec4 v0x7fa487f26670_0, 0, 16;
    %jmp T_6.19;
T_6.10 ;
    %pushi/vec4 2817, 0, 16;
    %store/vec4 v0x7fa487f26670_0, 0, 16;
    %jmp T_6.19;
T_6.11 ;
    %pushi/vec4 19200, 0, 16;
    %store/vec4 v0x7fa487f26670_0, 0, 16;
    %jmp T_6.19;
T_6.12 ;
    %pushi/vec4 2081, 0, 16;
    %store/vec4 v0x7fa487f26670_0, 0, 16;
    %jmp T_6.19;
T_6.13 ;
    %pushi/vec4 2338, 0, 16;
    %store/vec4 v0x7fa487f26670_0, 0, 16;
    %jmp T_6.19;
T_6.14 ;
    %pushi/vec4 2595, 0, 16;
    %store/vec4 v0x7fa487f26670_0, 0, 16;
    %jmp T_6.19;
T_6.15 ;
    %pushi/vec4 51200, 0, 16;
    %store/vec4 v0x7fa487f26670_0, 0, 16;
    %jmp T_6.19;
T_6.16 ;
    %pushi/vec4 17162, 0, 16;
    %store/vec4 v0x7fa487f26670_0, 0, 16;
    %jmp T_6.19;
T_6.17 ;
    %pushi/vec4 1, 0, 16;
    %store/vec4 v0x7fa487f26670_0, 0, 16;
    %jmp T_6.19;
T_6.18 ;
    %pushi/vec4 0, 0, 16;
    %store/vec4 v0x7fa487f26670_0, 0, 16;
    %jmp T_6.19;
T_6.19 ;
    %pop/vec4 1;
    %jmp T_6;
    .thread T_6, $push;
    .scope S_0x7fa487f23ea0;
T_7 ;
    %wait E_0x7fa487f24310;
    %pushi/vec4 0, 0, 1;
    %store/vec4 v0x7fa487f246e0_0, 0, 1;
    %pushi/vec4 0, 0, 1;
    %store/vec4 v0x7fa487f24770_0, 0, 1;
    %load/vec4 v0x7fa487f24a90_0;
    %parti/s 2, 8, 5;
    %dup/vec4;
    %pushi/vec4 0, 0, 2;
    %cmp/u;
    %jmp/1 T_7.0, 6;
    %dup/vec4;
    %pushi/vec4 1, 0, 2;
    %cmp/u;
    %jmp/1 T_7.1, 6;
    %dup/vec4;
    %pushi/vec4 2, 0, 2;
    %cmp/u;
    %jmp/1 T_7.2, 6;
    %dup/vec4;
    %pushi/vec4 3, 0, 2;
    %cmp/u;
    %jmp/1 T_7.3, 6;
    %jmp T_7.4;
T_7.0 ;
    %pushi/vec4 1, 0, 1;
    %store/vec4 v0x7fa487f246e0_0, 0, 1;
    %pushi/vec4 1, 0, 1;
    %store/vec4 v0x7fa487f24770_0, 0, 1;
    %jmp T_7.4;
T_7.1 ;
    %load/vec4 v0x7fa487f25120_0;
    %inv;
    %load/vec4 v0x7fa487f24a90_0;
    %parti/s 1, 7, 4;
    %xor;
    %store/vec4 v0x7fa487f246e0_0, 0, 1;
    %load/vec4 v0x7fa487f25120_0;
    %inv;
    %load/vec4 v0x7fa487f24a90_0;
    %parti/s 1, 12, 5;
    %xor;
    %store/vec4 v0x7fa487f24770_0, 0, 1;
    %jmp T_7.4;
T_7.2 ;
    %load/vec4 v0x7fa487f24380_0;
    %inv;
    %load/vec4 v0x7fa487f24a90_0;
    %parti/s 1, 7, 4;
    %xor;
    %store/vec4 v0x7fa487f246e0_0, 0, 1;
    %load/vec4 v0x7fa487f24380_0;
    %inv;
    %load/vec4 v0x7fa487f24a90_0;
    %parti/s 1, 12, 5;
    %xor;
    %store/vec4 v0x7fa487f24770_0, 0, 1;
    %jmp T_7.4;
T_7.3 ;
    %load/vec4 v0x7fa487f24e50_0;
    %inv;
    %load/vec4 v0x7fa487f24a90_0;
    %parti/s 1, 7, 4;
    %xor;
    %store/vec4 v0x7fa487f246e0_0, 0, 1;
    %load/vec4 v0x7fa487f24e50_0;
    %inv;
    %load/vec4 v0x7fa487f24a90_0;
    %parti/s 1, 12, 5;
    %xor;
    %store/vec4 v0x7fa487f24770_0, 0, 1;
    %jmp T_7.4;
T_7.4 ;
    %pop/vec4 1;
    %jmp T_7;
    .thread T_7, $push;
    .scope S_0x7fa487f23ea0;
T_8 ;
    %wait E_0x7fa487f24290;
    %pushi/vec4 0, 0, 1;
    %store/vec4 v0x7fa487f24810_0, 0, 1;
    %pushi/vec4 0, 0, 2;
    %store/vec4 v0x7fa487f24d20_0, 0, 2;
    %pushi/vec4 0, 0, 2;
    %store/vec4 v0x7fa487f24db0_0, 0, 2;
    %pushi/vec4 2, 0, 3;
    %store/vec4 v0x7fa487f24b40_0, 0, 3;
    %pushi/vec4 0, 0, 1;
    %store/vec4 v0x7fa487f25090_0, 0, 1;
    %pushi/vec4 0, 0, 2;
    %store/vec4 v0x7fa487f25000_0, 0, 2;
    %pushi/vec4 0, 0, 2;
    %store/vec4 v0x7fa487f249e0_0, 0, 2;
    %pushi/vec4 0, 0, 8;
    %store/vec4 v0x7fa487f248b0_0, 0, 8;
    %pushi/vec4 0, 0, 1;
    %store/vec4 v0x7fa487f24610_0, 0, 1;
    %pushi/vec4 0, 0, 1;
    %store/vec4 v0x7fa487f24c90_0, 0, 1;
    %pushi/vec4 0, 0, 1;
    %store/vec4 v0x7fa487f24570_0, 0, 1;
    %pushi/vec4 0, 0, 1;
    %store/vec4 v0x7fa487f244c0_0, 0, 1;
    %pushi/vec4 0, 0, 1;
    %store/vec4 v0x7fa487f24c00_0, 0, 1;
    %pushi/vec4 0, 0, 1;
    %store/vec4 v0x7fa487f24430_0, 0, 1;
    %vpi_call/w 6 93 "$display", "*****PC[%h]we[%h]CODE:%h", v0x7fa487f27250_0, v0x7fa487f24c90_0, v0x7fa487f24a90_0 {0 0 0};
    %vpi_call/w 6 94 "$display", "r0[%h]1[%h]2[%h]3[%h]", &A<v0x7fa487f281a0, 0>, &A<v0x7fa487f281a0, 1>, &A<v0x7fa487f281a0, 2>, &A<v0x7fa487f281a0, 3> {0 0 0};
    %load/vec4 v0x7fa487f24a90_0;
    %parti/s 3, 13, 5;
    %dup/vec4;
    %pushi/vec4 0, 0, 3;
    %cmp/u;
    %jmp/1 T_8.0, 6;
    %dup/vec4;
    %pushi/vec4 1, 0, 3;
    %cmp/u;
    %jmp/1 T_8.1, 6;
    %dup/vec4;
    %pushi/vec4 2, 0, 3;
    %cmp/u;
    %jmp/1 T_8.2, 6;
    %dup/vec4;
    %pushi/vec4 3, 0, 3;
    %cmp/u;
    %jmp/1 T_8.3, 6;
    %dup/vec4;
    %pushi/vec4 4, 0, 3;
    %cmp/u;
    %jmp/1 T_8.4, 6;
    %dup/vec4;
    %pushi/vec4 5, 0, 3;
    %cmp/u;
    %jmp/1 T_8.5, 6;
    %dup/vec4;
    %pushi/vec4 6, 0, 3;
    %cmp/u;
    %jmp/1 T_8.6, 6;
    %jmp T_8.7;
T_8.0 ;
    %load/vec4 v0x7fa487f24a90_0;
    %parti/s 3, 10, 5;
    %dup/vec4;
    %pushi/vec4 0, 0, 3;
    %cmp/u;
    %jmp/1 T_8.8, 6;
    %dup/vec4;
    %pushi/vec4 2, 0, 3;
    %cmp/u;
    %jmp/1 T_8.9, 6;
    %dup/vec4;
    %pushi/vec4 3, 0, 3;
    %cmp/u;
    %jmp/1 T_8.10, 6;
    %dup/vec4;
    %pushi/vec4 4, 0, 3;
    %cmp/u;
    %jmp/1 T_8.11, 6;
    %dup/vec4;
    %pushi/vec4 6, 0, 3;
    %cmp/u;
    %jmp/1 T_8.12, 6;
    %dup/vec4;
    %pushi/vec4 7, 0, 3;
    %cmp/u;
    %jmp/1 T_8.13, 6;
    %jmp T_8.14;
T_8.8 ;
    %load/vec4 v0x7fa487f24a90_0;
    %parti/s 1, 0, 2;
    %cmpi/e 0, 0, 1;
    %jmp/0xz  T_8.15, 4;
    %jmp T_8.16;
T_8.15 ;
    %pushi/vec4 1, 0, 1;
    %store/vec4 v0x7fa487f24810_0, 0, 1;
T_8.16 ;
    %jmp T_8.14;
T_8.9 ;
    %load/vec4 v0x7fa487f24a90_0;
    %parti/s 2, 8, 5;
    %store/vec4 v0x7fa487f25000_0, 0, 2;
    %load/vec4 v0x7fa487f24a90_0;
    %parti/s 3, 4, 4;
    %store/vec4 v0x7fa487f24b40_0, 0, 3;
    %load/vec4 v0x7fa487f24a90_0;
    %parti/s 2, 2, 3;
    %store/vec4 v0x7fa487f24d20_0, 0, 2;
    %load/vec4 v0x7fa487f24a90_0;
    %parti/s 2, 0, 2;
    %store/vec4 v0x7fa487f24db0_0, 0, 2;
    %pushi/vec4 1, 0, 1;
    %store/vec4 v0x7fa487f25090_0, 0, 1;
    %jmp T_8.14;
T_8.10 ;
    %load/vec4 v0x7fa487f24a90_0;
    %parti/s 3, 4, 4;
    %store/vec4 v0x7fa487f24b40_0, 0, 3;
    %load/vec4 v0x7fa487f24a90_0;
    %parti/s 2, 2, 3;
    %store/vec4 v0x7fa487f24d20_0, 0, 2;
    %load/vec4 v0x7fa487f24a90_0;
    %parti/s 2, 0, 2;
    %store/vec4 v0x7fa487f24db0_0, 0, 2;
    %jmp T_8.14;
T_8.11 ;
    %load/vec4 v0x7fa487f24a90_0;
    %parti/s 3, 4, 4;
    %store/vec4 v0x7fa487f24b40_0, 0, 3;
    %load/vec4 v0x7fa487f24a90_0;
    %parti/s 2, 2, 3;
    %store/vec4 v0x7fa487f24d20_0, 0, 2;
    %load/vec4 v0x7fa487f24a90_0;
    %parti/s 2, 0, 2;
    %store/vec4 v0x7fa487f24db0_0, 0, 2;
    %load/vec4 v0x7fa487f246e0_0;
    %cmpi/e 1, 0, 1;
    %jmp/0xz  T_8.17, 4;
    %pushi/vec4 1, 0, 1;
    %store/vec4 v0x7fa487f24c90_0, 0, 1;
T_8.17 ;
    %jmp T_8.14;
T_8.12 ;
    %load/vec4 v0x7fa487f24a90_0;
    %parti/s 3, 4, 4;
    %store/vec4 v0x7fa487f24b40_0, 0, 3;
    %load/vec4 v0x7fa487f24a90_0;
    %parti/s 2, 2, 3;
    %store/vec4 v0x7fa487f24d20_0, 0, 2;
    %load/vec4 v0x7fa487f24a90_0;
    %parti/s 2, 0, 2;
    %store/vec4 v0x7fa487f24db0_0, 0, 2;
    %pushi/vec4 1, 0, 1;
    %store/vec4 v0x7fa487f24570_0, 0, 1;
    %jmp T_8.14;
T_8.13 ;
    %load/vec4 v0x7fa487f24a90_0;
    %parti/s 2, 8, 5;
    %store/vec4 v0x7fa487f25000_0, 0, 2;
    %load/vec4 v0x7fa487f24a90_0;
    %parti/s 3, 4, 4;
    %store/vec4 v0x7fa487f24b40_0, 0, 3;
    %load/vec4 v0x7fa487f24a90_0;
    %parti/s 2, 2, 3;
    %store/vec4 v0x7fa487f24d20_0, 0, 2;
    %load/vec4 v0x7fa487f24a90_0;
    %parti/s 2, 0, 2;
    %store/vec4 v0x7fa487f24db0_0, 0, 2;
    %pushi/vec4 1, 0, 1;
    %store/vec4 v0x7fa487f25090_0, 0, 1;
    %pushi/vec4 1, 0, 1;
    %store/vec4 v0x7fa487f244c0_0, 0, 1;
    %jmp T_8.14;
T_8.14 ;
    %pop/vec4 1;
    %jmp T_8.7;
T_8.1 ;
    %load/vec4 v0x7fa487f24a90_0;
    %parti/s 2, 10, 5;
    %store/vec4 v0x7fa487f25000_0, 0, 2;
    %load/vec4 v0x7fa487f24a90_0;
    %parti/s 2, 8, 5;
    %store/vec4 v0x7fa487f24d20_0, 0, 2;
    %load/vec4 v0x7fa487f24a90_0;
    %parti/s 8, 0, 2;
    %store/vec4 v0x7fa487f248b0_0, 0, 8;
    %pushi/vec4 1, 0, 1;
    %store/vec4 v0x7fa487f25090_0, 0, 1;
    %pushi/vec4 1, 0, 2;
    %store/vec4 v0x7fa487f249e0_0, 0, 2;
    %pushi/vec4 0, 0, 2;
    %load/vec4 v0x7fa487f24a90_0;
    %parti/s 1, 12, 5;
    %concat/vec4; draw_concat_vec4
    %store/vec4 v0x7fa487f24b40_0, 0, 3;
    %jmp T_8.7;
T_8.2 ;
    %load/vec4 v0x7fa487f24a90_0;
    %parti/s 1, 11, 5;
    %cmpi/e 0, 0, 1;
    %jmp/0xz  T_8.19, 4;
    %load/vec4 v0x7fa487f24a90_0;
    %parti/s 8, 0, 2;
    %store/vec4 v0x7fa487f248b0_0, 0, 8;
    %pushi/vec4 1, 0, 2;
    %store/vec4 v0x7fa487f249e0_0, 0, 2;
    %load/vec4 v0x7fa487f24770_0;
    %cmpi/e 1, 0, 1;
    %jmp/0xz  T_8.21, 4;
    %pushi/vec4 1, 0, 1;
    %store/vec4 v0x7fa487f24c90_0, 0, 1;
T_8.21 ;
    %jmp T_8.20;
T_8.19 ;
    %load/vec4 v0x7fa487f24a90_0;
    %parti/s 1, 10, 5;
    %cmpi/e 0, 0, 1;
    %jmp/0xz  T_8.23, 4;
    %load/vec4 v0x7fa487f24a90_0;
    %parti/s 2, 8, 5;
    %store/vec4 v0x7fa487f24db0_0, 0, 2;
    %load/vec4 v0x7fa487f24a90_0;
    %parti/s 8, 0, 2;
    %store/vec4 v0x7fa487f248b0_0, 0, 8;
    %pushi/vec4 1, 0, 2;
    %store/vec4 v0x7fa487f249e0_0, 0, 2;
    %pushi/vec4 1, 0, 1;
    %store/vec4 v0x7fa487f24570_0, 0, 1;
    %jmp T_8.24;
T_8.23 ;
    %load/vec4 v0x7fa487f24a90_0;
    %parti/s 8, 0, 2;
    %store/vec4 v0x7fa487f248b0_0, 0, 8;
    %pushi/vec4 1, 0, 1;
    %store/vec4 v0x7fa487f24c00_0, 0, 1;
    %pushi/vec4 0, 0, 3;
    %store/vec4 v0x7fa487f24b40_0, 0, 3;
    %pushi/vec4 1, 0, 2;
    %store/vec4 v0x7fa487f249e0_0, 0, 2;
    %load/vec4 v0x7fa487f24770_0;
    %cmpi/e 1, 0, 1;
    %jmp/0xz  T_8.25, 4;
    %pushi/vec4 1, 0, 1;
    %store/vec4 v0x7fa487f24c90_0, 0, 1;
T_8.25 ;
T_8.24 ;
T_8.20 ;
    %jmp T_8.7;
T_8.3 ;
    %load/vec4 v0x7fa487f24a90_0;
    %parti/s 2, 10, 5;
    %store/vec4 v0x7fa487f24d20_0, 0, 2;
    %load/vec4 v0x7fa487f24a90_0;
    %parti/s 8, 0, 2;
    %store/vec4 v0x7fa487f248b0_0, 0, 8;
    %pushi/vec4 0, 0, 3;
    %store/vec4 v0x7fa487f24b40_0, 0, 3;
    %pushi/vec4 1, 0, 2;
    %store/vec4 v0x7fa487f249e0_0, 0, 2;
    %load/vec4 v0x7fa487f24770_0;
    %cmpi/e 1, 0, 1;
    %jmp/0xz  T_8.27, 4;
    %pushi/vec4 1, 0, 1;
    %store/vec4 v0x7fa487f24c90_0, 0, 1;
T_8.27 ;
    %jmp T_8.7;
T_8.4 ;
    %load/vec4 v0x7fa487f24a90_0;
    %parti/s 1, 12, 5;
    %cmpi/e 0, 0, 1;
    %jmp/0xz  T_8.29, 4;
    %load/vec4 v0x7fa487f24a90_0;
    %parti/s 2, 8, 5;
    %dup/vec4;
    %pushi/vec4 0, 0, 2;
    %cmp/u;
    %jmp/1 T_8.31, 6;
    %dup/vec4;
    %pushi/vec4 1, 0, 2;
    %cmp/u;
    %jmp/1 T_8.32, 6;
    %dup/vec4;
    %pushi/vec4 2, 0, 2;
    %cmp/u;
    %jmp/1 T_8.33, 6;
    %dup/vec4;
    %pushi/vec4 3, 0, 2;
    %cmp/u;
    %jmp/1 T_8.34, 6;
    %jmp T_8.35;
T_8.31 ;
    %jmp T_8.35;
T_8.32 ;
    %load/vec4 v0x7fa487f24a90_0;
    %parti/s 2, 10, 5;
    %store/vec4 v0x7fa487f25000_0, 0, 2;
    %load/vec4 v0x7fa487f24a90_0;
    %parti/s 2, 10, 5;
    %store/vec4 v0x7fa487f25000_0, 0, 2;
    %load/vec4 v0x7fa487f24a90_0;
    %parti/s 2, 10, 5;
    %store/vec4 v0x7fa487f24db0_0, 0, 2;
    %load/vec4 v0x7fa487f24a90_0;
    %parti/s 8, 0, 2;
    %store/vec4 v0x7fa487f248b0_0, 0, 8;
    %pushi/vec4 1, 0, 1;
    %store/vec4 v0x7fa487f25090_0, 0, 1;
    %pushi/vec4 1, 0, 2;
    %store/vec4 v0x7fa487f249e0_0, 0, 2;
    %jmp T_8.35;
T_8.33 ;
    %load/vec4 v0x7fa487f24a90_0;
    %parti/s 2, 10, 5;
    %store/vec4 v0x7fa487f25000_0, 0, 2;
    %load/vec4 v0x7fa487f24a90_0;
    %parti/s 2, 10, 5;
    %store/vec4 v0x7fa487f24db0_0, 0, 2;
    %load/vec4 v0x7fa487f24a90_0;
    %parti/s 8, 0, 2;
    %store/vec4 v0x7fa487f248b0_0, 0, 8;
    %pushi/vec4 1, 0, 1;
    %store/vec4 v0x7fa487f25090_0, 0, 1;
    %pushi/vec4 2, 0, 2;
    %store/vec4 v0x7fa487f249e0_0, 0, 2;
    %jmp T_8.35;
T_8.34 ;
    %load/vec4 v0x7fa487f24a90_0;
    %parti/s 2, 10, 5;
    %store/vec4 v0x7fa487f25000_0, 0, 2;
    %load/vec4 v0x7fa487f24a90_0;
    %parti/s 2, 10, 5;
    %store/vec4 v0x7fa487f24db0_0, 0, 2;
    %load/vec4 v0x7fa487f24a90_0;
    %parti/s 8, 0, 2;
    %store/vec4 v0x7fa487f248b0_0, 0, 8;
    %pushi/vec4 1, 0, 1;
    %store/vec4 v0x7fa487f25090_0, 0, 1;
    %pushi/vec4 3, 0, 2;
    %store/vec4 v0x7fa487f249e0_0, 0, 2;
    %jmp T_8.35;
T_8.35 ;
    %pop/vec4 1;
    %jmp T_8.30;
T_8.29 ;
    %load/vec4 v0x7fa487f24a90_0;
    %parti/s 2, 10, 5;
    %store/vec4 v0x7fa487f25000_0, 0, 2;
    %load/vec4 v0x7fa487f24a90_0;
    %parti/s 8, 0, 2;
    %store/vec4 v0x7fa487f248b0_0, 0, 8;
    %pushi/vec4 1, 0, 1;
    %store/vec4 v0x7fa487f25090_0, 0, 1;
    %pushi/vec4 1, 0, 2;
    %store/vec4 v0x7fa487f249e0_0, 0, 2;
    %pushi/vec4 1, 0, 1;
    %store/vec4 v0x7fa487f244c0_0, 0, 1;
T_8.30 ;
    %jmp T_8.7;
T_8.5 ;
    %load/vec4 v0x7fa487f24a90_0;
    %parti/s 1, 12, 5;
    %cmpi/e 0, 0, 1;
    %jmp/0xz  T_8.36, 4;
    %load/vec4 v0x7fa487f24a90_0;
    %parti/s 2, 10, 5;
    %store/vec4 v0x7fa487f25000_0, 0, 2;
    %load/vec4 v0x7fa487f24a90_0;
    %parti/s 2, 8, 5;
    %store/vec4 v0x7fa487f24d20_0, 0, 2;
    %load/vec4 v0x7fa487f24a90_0;
    %parti/s 8, 0, 2;
    %store/vec4 v0x7fa487f248b0_0, 0, 8;
    %pushi/vec4 1, 0, 2;
    %store/vec4 v0x7fa487f249e0_0, 0, 2;
    %pushi/vec4 0, 0, 3;
    %store/vec4 v0x7fa487f24b40_0, 0, 3;
    %pushi/vec4 1, 0, 1;
    %store/vec4 v0x7fa487f25090_0, 0, 1;
    %pushi/vec4 1, 0, 1;
    %store/vec4 v0x7fa487f244c0_0, 0, 1;
    %jmp T_8.37;
T_8.36 ;
    %load/vec4 v0x7fa487f24a90_0;
    %parti/s 2, 10, 5;
    %store/vec4 v0x7fa487f24d20_0, 0, 2;
    %load/vec4 v0x7fa487f24a90_0;
    %parti/s 2, 8, 5;
    %store/vec4 v0x7fa487f24db0_0, 0, 2;
    %load/vec4 v0x7fa487f24a90_0;
    %parti/s 8, 0, 2;
    %store/vec4 v0x7fa487f248b0_0, 0, 8;
    %pushi/vec4 1, 0, 1;
    %store/vec4 v0x7fa487f24570_0, 0, 1;
    %pushi/vec4 1, 0, 2;
    %store/vec4 v0x7fa487f249e0_0, 0, 2;
    %pushi/vec4 0, 0, 3;
    %store/vec4 v0x7fa487f24b40_0, 0, 3;
T_8.37 ;
    %jmp T_8.7;
T_8.6 ;
    %pushi/vec4 1, 0, 1;
    %store/vec4 v0x7fa487f24430_0, 0, 1;
    %pushi/vec4 1, 0, 3;
    %store/vec4 v0x7fa487f24b40_0, 0, 3;
    %pushi/vec4 1, 0, 2;
    %store/vec4 v0x7fa487f249e0_0, 0, 2;
    %pushi/vec4 15, 0, 8;
    %store/vec4 v0x7fa487f248b0_0, 0, 8;
    %jmp T_8.7;
T_8.7 ;
    %pop/vec4 1;
    %jmp T_8;
    .thread T_8, $push;
    .scope S_0x7fa487f25310;
T_9 ;
    %wait E_0x7fa487f255b0;
    %load/vec4 v0x7fa487f25c30_0;
    %flag_set/vec4 8;
    %jmp/0xz  T_9.0, 8;
    %pushi/vec4 0, 0, 16;
    %ix/load 3, 16, 0;
    %flag_set/imm 4, 0;
    %ix/load 4, 0, 0; Constant delay
    %assign/vec4/a/d v0x7fa487f25a80, 0, 4;
    %pushi/vec4 0, 0, 8;
    %assign/vec4 v0x7fa487f25850_0, 0;
    %jmp T_9.1;
T_9.0 ;
    %load/vec4 v0x7fa487f25d70_0;
    %flag_set/vec4 8;
    %jmp/0xz  T_9.2, 8;
    %load/vec4 v0x7fa487f257a0_0;
    %assign/vec4 v0x7fa487f25850_0, 0;
    %load/vec4 v0x7fa487f25ce0_0;
    %load/vec4 v0x7fa487f25850_0;
    %pad/u 10;
    %ix/vec4 3;
    %ix/load 4, 0, 0; Constant delay
    %assign/vec4/a/d v0x7fa487f25a80, 0, 4;
T_9.2 ;
    %load/vec4 v0x7fa487f259d0_0;
    %flag_set/vec4 8;
    %jmp/0xz  T_9.4, 8;
    %load/vec4 v0x7fa487f25850_0;
    %pad/u 10;
    %ix/vec4 4;
    %load/vec4a v0x7fa487f25a80, 4;
    %ix/load 4, 16, 0;
    %flag_set/imm 4, 0;
    %load/vec4a v0x7fa487f25a80, 4;
    %add;
    %ix/load 3, 16, 0;
    %flag_set/imm 4, 0;
    %ix/load 4, 0, 0; Constant delay
    %assign/vec4/a/d v0x7fa487f25a80, 0, 4;
T_9.4 ;
T_9.1 ;
    %jmp T_9;
    .thread T_9;
    .scope S_0x7fa487f25e90;
T_10 ;
    %wait E_0x7fa487f260a0;
    %load/vec4 v0x7fa487f26330_0;
    %flag_set/vec4 8;
    %jmp/0xz  T_10.0, 8;
    %load/vec4 v0x7fa487f261d0_0;
    %store/vec4 v0x7fa487f26280_0, 0, 16;
    %jmp T_10.1;
T_10.0 ;
    %load/vec4 v0x7fa487f26100_0;
    %store/vec4 v0x7fa487f26280_0, 0, 16;
T_10.1 ;
    %jmp T_10;
    .thread T_10, $push;
    .scope S_0x7fa487f12a10;
T_11 ;
    %delay 5, 0;
    %load/vec4 v0x7fa487f29f30_0;
    %inv;
    %store/vec4 v0x7fa487f29f30_0, 0, 1;
    %jmp T_11;
    .thread T_11;
    .scope S_0x7fa487f12a10;
T_12 ;
    %vpi_call/w 2 8 "$dumpfile", "pu.vcd" {0 0 0};
    %vpi_call/w 2 9 "$dumpvars", 32'sb00000000000000000000000000000000, S_0x7fa487f12b70 {0 0 0};
    %pushi/vec4 1, 0, 1;
    %store/vec4 v0x7fa487f29fc0_0, 0, 1;
    %pushi/vec4 0, 0, 1;
    %store/vec4 v0x7fa487f29f30_0, 0, 1;
    %delay 20, 0;
    %pushi/vec4 0, 0, 1;
    %store/vec4 v0x7fa487f29fc0_0, 0, 1;
    %delay 1500, 0;
    %vpi_call/w 2 15 "$finish" {0 0 0};
    %end;
    .thread T_12;
# The file index is used to find the file name in the following table.
:file_names 12;
    "N/A";
    "<interactive>";
    "test.v";
    "pu.v";
    "alu.v";
    "sel.v";
    "dec.v";
    "dmem.v";
    "imem.v";
    "lidx.v";
    "pc.v";
    "rega.v";
