#! /usr/local/bin/vvp
:ivl_version "11.0 (devel)" "(s20150603-838-g40d2a49b-dirty)";
:ivl_delay_selection "TYPICAL";
:vpi_time_precision + 0;
:vpi_module "/usr/local/lib/ivl/system.vpi";
:vpi_module "/usr/local/lib/ivl/vhdl_sys.vpi";
:vpi_module "/usr/local/lib/ivl/vhdl_textio.vpi";
:vpi_module "/usr/local/lib/ivl/v2005_math.vpi";
:vpi_module "/usr/local/lib/ivl/va_math.vpi";
:vpi_module "/usr/local/lib/ivl/v2009.vpi";
S_0x7fead9c165e0 .scope package, "$unit" "$unit" 2 1;
 .timescale 0 0;
S_0x7fead9c292d0 .scope module, "test" "test" 3 2;
 .timescale 0 0;
v0x7fead9c42b30_0 .var "clk", 0 0;
v0x7fead9c42bc0_0 .var "rst", 0 0;
v0x7fead9c42c50_0 .net "wd", 15 0, v0x7fead9c3f440_0;  1 drivers
v0x7fead9c42ce0_0 .net "we", 0 0, v0x7fead9c3fe30_0;  1 drivers
S_0x7fead9c29f40 .scope module, "pu" "pu" 3 5, 4 2 0, S_0x7fead9c292d0;
 .timescale 0 0;
    .port_info 0 /OUTPUT 1 "we";
    .port_info 1 /OUTPUT 16 "wd";
    .port_info 2 /INPUT 1 "clk";
    .port_info 3 /INPUT 1 "rst";
v0x7fead9c41e10_0 .net "a", 15 0, L_0x7fead9c42f30;  1 drivers
v0x7fead9c41f00_0 .net "arad", 1 0, v0x7fead9c3f880_0;  1 drivers
v0x7fead9c41f90_0 .net "b", 15 0, L_0x7fead9c431a0;  1 drivers
v0x7fead9c42060_0 .net "bo", 15 0, v0x7fead9c407c0_0;  1 drivers
v0x7fead9c42130_0 .net "brad", 1 0, v0x7fead9c3f940_0;  1 drivers
v0x7fead9c42240_0 .net "clk", 0 0, v0x7fead9c42b30_0;  1 drivers
v0x7fead9c42310_0 .net "h", 0 0, v0x7fead9c3f9f0_0;  1 drivers
v0x7fead9c423e0_0 .net "iv", 7 0, v0x7fead9c3faa0_0;  1 drivers
v0x7fead9c42470_0 .net "liop", 1 0, v0x7fead9c3fb50_0;  1 drivers
v0x7fead9c42580_0 .net "o", 15 0, v0x7fead9c40200_0;  1 drivers
v0x7fead9c42650_0 .net "op", 2 0, v0x7fead9c3fcf0_0;  1 drivers
v0x7fead9c42720_0 .net "pca", 5 0, v0x7fead9c40d80_0;  1 drivers
v0x7fead9c427f0_0 .net "rst", 0 0, v0x7fead9c42bc0_0;  1 drivers
v0x7fead9c428c0_0 .net "wad", 1 0, v0x7fead9c3fd90_0;  1 drivers
v0x7fead9c42990_0 .net "wd", 15 0, v0x7fead9c3f440_0;  alias, 1 drivers
v0x7fead9c42a60_0 .net "we", 0 0, v0x7fead9c3fe30_0;  alias, 1 drivers
S_0x7fead9c07060 .scope module, "alu" "alu" 4 12, 5 2 0, S_0x7fead9c29f40;
 .timescale 0 0;
    .port_info 0 /INPUT 16 "a";
    .port_info 1 /INPUT 16 "b";
    .port_info 2 /INPUT 3 "op";
    .port_info 3 /OUTPUT 16 "r";
enum0x7fead9c20e60 .enum2/s (32)
   "ADD" 0,
   "SUB" 1,
   "THU" 2,
   "ASL" 3,
   "RSL" 4,
   "RSR" 5,
   "NAD" 6,
   "XOR" 7
 ;
v0x7fead9c168f0_0 .net "a", 15 0, L_0x7fead9c42f30;  alias, 1 drivers
v0x7fead9c3f2d0_0 .net "b", 15 0, v0x7fead9c407c0_0;  alias, 1 drivers
v0x7fead9c3f380_0 .net "op", 2 0, v0x7fead9c3fcf0_0;  alias, 1 drivers
v0x7fead9c3f440_0 .var "r", 15 0;
E_0x7fead9c2a160 .event edge, v0x7fead9c3f380_0, v0x7fead9c168f0_0, v0x7fead9c3f2d0_0;
S_0x7fead9c3f550 .scope module, "dec" "dec" 4 15, 6 3 0, S_0x7fead9c29f40;
 .timescale 0 0;
    .port_info 0 /INPUT 16 "o";
    .port_info 1 /OUTPUT 1 "h";
    .port_info 2 /OUTPUT 1 "we";
    .port_info 3 /OUTPUT 2 "wad";
    .port_info 4 /OUTPUT 3 "op";
    .port_info 5 /OUTPUT 2 "brad";
    .port_info 6 /OUTPUT 2 "arad";
    .port_info 7 /OUTPUT 2 "liop";
    .port_info 8 /OUTPUT 8 "iv";
enum0x7fead9c22820 .enum2/s (32)
   "THU" 0,
   "IMM" 1,
   "LIL" 2,
   "LIH" 3
 ;
v0x7fead9c3f880_0 .var "arad", 1 0;
v0x7fead9c3f940_0 .var "brad", 1 0;
v0x7fead9c3f9f0_0 .var "h", 0 0;
v0x7fead9c3faa0_0 .var "iv", 7 0;
v0x7fead9c3fb50_0 .var "liop", 1 0;
v0x7fead9c3fc40_0 .net "o", 15 0, v0x7fead9c40200_0;  alias, 1 drivers
v0x7fead9c3fcf0_0 .var "op", 2 0;
v0x7fead9c3fd90_0 .var "wad", 1 0;
v0x7fead9c3fe30_0 .var "we", 0 0;
E_0x7fead9c3f850 .event edge, v0x7fead9c3fc40_0;
S_0x7fead9c40030 .scope module, "imem" "imem" 4 14, 7 2 0, S_0x7fead9c29f40;
 .timescale 0 0;
    .port_info 0 /INPUT 6 "pc";
    .port_info 1 /OUTPUT 16 "o";
v0x7fead9c40200_0 .var "o", 15 0;
v0x7fead9c402d0_0 .net "pc", 5 0, v0x7fead9c40d80_0;  alias, 1 drivers
E_0x7fead9c401d0 .event edge, v0x7fead9c402d0_0;
S_0x7fead9c403a0 .scope module, "lidx" "lidx" 4 11, 8 2 0, S_0x7fead9c29f40;
 .timescale 0 0;
    .port_info 0 /INPUT 16 "i";
    .port_info 1 /INPUT 8 "iv";
    .port_info 2 /INPUT 2 "op";
    .port_info 3 /OUTPUT 16 "o";
enum0x7fead9c20180 .enum2/s (32)
   "THU" 0,
   "IMM" 1,
   "LIL" 2,
   "LIH" 3
 ;
v0x7fead9c40640_0 .net "i", 15 0, L_0x7fead9c431a0;  alias, 1 drivers
v0x7fead9c40700_0 .net "iv", 7 0, v0x7fead9c3faa0_0;  alias, 1 drivers
v0x7fead9c407c0_0 .var "o", 15 0;
v0x7fead9c40890_0 .net "op", 1 0, v0x7fead9c3fb50_0;  alias, 1 drivers
E_0x7fead9c405e0 .event edge, v0x7fead9c3fb50_0, v0x7fead9c40640_0, v0x7fead9c3faa0_0;
S_0x7fead9c40980 .scope module, "pc" "pc" 4 13, 9 2 0, S_0x7fead9c29f40;
 .timescale 0 0;
    .port_info 0 /INPUT 1 "halt";
    .port_info 1 /OUTPUT 6 "pc";
    .port_info 2 /INPUT 1 "clk";
    .port_info 3 /INPUT 1 "rst";
v0x7fead9c40c10_0 .net "clk", 0 0, v0x7fead9c42b30_0;  alias, 1 drivers
v0x7fead9c40cc0_0 .net "halt", 0 0, v0x7fead9c3f9f0_0;  alias, 1 drivers
v0x7fead9c40d80_0 .var "pc", 5 0;
v0x7fead9c40e50_0 .net "rst", 0 0, v0x7fead9c42bc0_0;  alias, 1 drivers
E_0x7fead9c40be0 .event posedge, v0x7fead9c40e50_0, v0x7fead9c40c10_0;
S_0x7fead9c40f20 .scope module, "rega" "rega" 4 10, 10 2 0, S_0x7fead9c29f40;
 .timescale 0 0;
    .port_info 0 /INPUT 2 "arad";
    .port_info 1 /INPUT 2 "brad";
    .port_info 2 /OUTPUT 16 "a";
    .port_info 3 /OUTPUT 16 "b";
    .port_info 4 /INPUT 1 "we";
    .port_info 5 /INPUT 2 "wad";
    .port_info 6 /INPUT 16 "wd";
    .port_info 7 /INPUT 1 "clk";
    .port_info 8 /INPUT 1 "rst";
L_0x7fead9c42f30 .functor BUFZ 16, L_0x7fead9c42d70, C4<0000000000000000>, C4<0000000000000000>, C4<0000000000000000>;
L_0x7fead9c431a0 .functor BUFZ 16, L_0x7fead9c42fe0, C4<0000000000000000>, C4<0000000000000000>, C4<0000000000000000>;
v0x7fead9c41210_0 .net *"_ivl_0", 15 0, L_0x7fead9c42d70;  1 drivers
v0x7fead9c412d0_0 .net *"_ivl_10", 3 0, L_0x7fead9c43080;  1 drivers
L_0x7fead9d63050 .functor BUFT 1, C4<00>, C4<0>, C4<0>, C4<0>;
v0x7fead9c41370_0 .net *"_ivl_13", 1 0, L_0x7fead9d63050;  1 drivers
v0x7fead9c41420_0 .net *"_ivl_2", 3 0, L_0x7fead9c42e10;  1 drivers
L_0x7fead9d63008 .functor BUFT 1, C4<00>, C4<0>, C4<0>, C4<0>;
v0x7fead9c414d0_0 .net *"_ivl_5", 1 0, L_0x7fead9d63008;  1 drivers
v0x7fead9c415c0_0 .net *"_ivl_8", 15 0, L_0x7fead9c42fe0;  1 drivers
v0x7fead9c41670_0 .net "a", 15 0, L_0x7fead9c42f30;  alias, 1 drivers
v0x7fead9c41710_0 .net "arad", 1 0, v0x7fead9c3f880_0;  alias, 1 drivers
v0x7fead9c417c0_0 .net "b", 15 0, L_0x7fead9c431a0;  alias, 1 drivers
v0x7fead9c418f0_0 .net "brad", 1 0, v0x7fead9c3f940_0;  alias, 1 drivers
v0x7fead9c41980_0 .net "clk", 0 0, v0x7fead9c42b30_0;  alias, 1 drivers
v0x7fead9c41a10 .array "regar", 0 3, 15 0;
v0x7fead9c41aa0_0 .net "rst", 0 0, v0x7fead9c42bc0_0;  alias, 1 drivers
v0x7fead9c41b50_0 .net "wad", 1 0, v0x7fead9c3fd90_0;  alias, 1 drivers
v0x7fead9c41c00_0 .net "wd", 15 0, v0x7fead9c3f440_0;  alias, 1 drivers
v0x7fead9c41cb0_0 .net "we", 0 0, v0x7fead9c3fe30_0;  alias, 1 drivers
L_0x7fead9c42d70 .array/port v0x7fead9c41a10, L_0x7fead9c42e10;
L_0x7fead9c42e10 .concat [ 2 2 0 0], v0x7fead9c3f880_0, L_0x7fead9d63008;
L_0x7fead9c42fe0 .array/port v0x7fead9c41a10, L_0x7fead9c43080;
L_0x7fead9c43080 .concat [ 2 2 0 0], v0x7fead9c3f940_0, L_0x7fead9d63050;
    .scope S_0x7fead9c40f20;
T_0 ;
    %wait E_0x7fead9c40be0;
    %load/vec4 v0x7fead9c41aa0_0;
    %flag_set/vec4 8;
    %jmp/0xz  T_0.0, 8;
    %pushi/vec4 0, 0, 16;
    %ix/load 3, 0, 0;
    %flag_set/imm 4, 0;
    %ix/load 4, 0, 0; Constant delay
    %assign/vec4/a/d v0x7fead9c41a10, 0, 4;
    %pushi/vec4 0, 0, 16;
    %ix/load 3, 1, 0;
    %flag_set/imm 4, 0;
    %ix/load 4, 0, 0; Constant delay
    %assign/vec4/a/d v0x7fead9c41a10, 0, 4;
    %pushi/vec4 0, 0, 16;
    %ix/load 3, 2, 0;
    %flag_set/imm 4, 0;
    %ix/load 4, 0, 0; Constant delay
    %assign/vec4/a/d v0x7fead9c41a10, 0, 4;
    %pushi/vec4 0, 0, 16;
    %ix/load 3, 3, 0;
    %flag_set/imm 4, 0;
    %ix/load 4, 0, 0; Constant delay
    %assign/vec4/a/d v0x7fead9c41a10, 0, 4;
    %jmp T_0.1;
T_0.0 ;
    %load/vec4 v0x7fead9c41cb0_0;
    %flag_set/vec4 8;
    %jmp/0xz  T_0.2, 8;
    %load/vec4 v0x7fead9c41c00_0;
    %load/vec4 v0x7fead9c41b50_0;
    %pad/u 4;
    %ix/vec4 3;
    %ix/load 4, 0, 0; Constant delay
    %assign/vec4/a/d v0x7fead9c41a10, 0, 4;
T_0.2 ;
T_0.1 ;
    %jmp T_0;
    .thread T_0;
    .scope S_0x7fead9c403a0;
T_1 ;
    %wait E_0x7fead9c405e0;
    %load/vec4 v0x7fead9c40890_0;
    %dup/vec4;
    %pushi/vec4 0, 0, 2;
    %cmp/x;
    %jmp/1 T_1.0, 4;
    %dup/vec4;
    %pushi/vec4 1, 0, 2;
    %cmp/x;
    %jmp/1 T_1.1, 4;
    %dup/vec4;
    %pushi/vec4 2, 0, 2;
    %cmp/x;
    %jmp/1 T_1.2, 4;
    %dup/vec4;
    %pushi/vec4 3, 0, 2;
    %cmp/x;
    %jmp/1 T_1.3, 4;
    %jmp T_1.4;
T_1.0 ;
    %load/vec4 v0x7fead9c40640_0;
    %store/vec4 v0x7fead9c407c0_0, 0, 16;
    %jmp T_1.4;
T_1.1 ;
    %pushi/vec4 0, 0, 8;
    %load/vec4 v0x7fead9c40700_0;
    %concat/vec4; draw_concat_vec4
    %store/vec4 v0x7fead9c407c0_0, 0, 16;
    %jmp T_1.4;
T_1.2 ;
    %load/vec4 v0x7fead9c40640_0;
    %parti/s 8, 8, 5;
    %load/vec4 v0x7fead9c40700_0;
    %concat/vec4; draw_concat_vec4
    %store/vec4 v0x7fead9c407c0_0, 0, 16;
    %jmp T_1.4;
T_1.3 ;
    %load/vec4 v0x7fead9c40700_0;
    %load/vec4 v0x7fead9c40640_0;
    %parti/s 8, 0, 2;
    %concat/vec4; draw_concat_vec4
    %store/vec4 v0x7fead9c407c0_0, 0, 16;
    %jmp T_1.4;
T_1.4 ;
    %pop/vec4 1;
    %jmp T_1;
    .thread T_1, $push;
    .scope S_0x7fead9c07060;
T_2 ;
    %wait E_0x7fead9c2a160;
    %load/vec4 v0x7fead9c3f380_0;
    %dup/vec4;
    %pushi/vec4 0, 0, 3;
    %cmp/u;
    %jmp/1 T_2.0, 6;
    %dup/vec4;
    %pushi/vec4 1, 0, 3;
    %cmp/u;
    %jmp/1 T_2.1, 6;
    %dup/vec4;
    %pushi/vec4 2, 0, 3;
    %cmp/u;
    %jmp/1 T_2.2, 6;
    %dup/vec4;
    %pushi/vec4 3, 0, 3;
    %cmp/u;
    %jmp/1 T_2.3, 6;
    %dup/vec4;
    %pushi/vec4 4, 0, 3;
    %cmp/u;
    %jmp/1 T_2.4, 6;
    %dup/vec4;
    %pushi/vec4 5, 0, 3;
    %cmp/u;
    %jmp/1 T_2.5, 6;
    %dup/vec4;
    %pushi/vec4 6, 0, 3;
    %cmp/u;
    %jmp/1 T_2.6, 6;
    %dup/vec4;
    %pushi/vec4 7, 0, 3;
    %cmp/u;
    %jmp/1 T_2.7, 6;
    %jmp T_2.8;
T_2.0 ;
    %load/vec4 v0x7fead9c168f0_0;
    %load/vec4 v0x7fead9c3f2d0_0;
    %add;
    %store/vec4 v0x7fead9c3f440_0, 0, 16;
    %jmp T_2.8;
T_2.1 ;
    %load/vec4 v0x7fead9c168f0_0;
    %load/vec4 v0x7fead9c3f2d0_0;
    %sub;
    %store/vec4 v0x7fead9c3f440_0, 0, 16;
    %jmp T_2.8;
T_2.2 ;
    %load/vec4 v0x7fead9c3f2d0_0;
    %store/vec4 v0x7fead9c3f440_0, 0, 16;
    %jmp T_2.8;
T_2.3 ;
    %load/vec4 v0x7fead9c168f0_0;
    %ix/getv 4, v0x7fead9c3f2d0_0;
    %shiftr 4;
    %store/vec4 v0x7fead9c3f440_0, 0, 16;
    %jmp T_2.8;
T_2.4 ;
    %load/vec4 v0x7fead9c168f0_0;
    %ix/getv 4, v0x7fead9c3f2d0_0;
    %shiftr 4;
    %store/vec4 v0x7fead9c3f440_0, 0, 16;
    %jmp T_2.8;
T_2.5 ;
    %load/vec4 v0x7fead9c168f0_0;
    %ix/getv 4, v0x7fead9c3f2d0_0;
    %shiftl 4;
    %store/vec4 v0x7fead9c3f440_0, 0, 16;
    %jmp T_2.8;
T_2.6 ;
    %load/vec4 v0x7fead9c168f0_0;
    %load/vec4 v0x7fead9c3f2d0_0;
    %and;
    %inv;
    %store/vec4 v0x7fead9c3f440_0, 0, 16;
    %jmp T_2.8;
T_2.7 ;
    %load/vec4 v0x7fead9c168f0_0;
    %load/vec4 v0x7fead9c3f2d0_0;
    %xor;
    %store/vec4 v0x7fead9c3f440_0, 0, 16;
    %jmp T_2.8;
T_2.8 ;
    %pop/vec4 1;
    %jmp T_2;
    .thread T_2, $push;
    .scope S_0x7fead9c40980;
T_3 ;
    %wait E_0x7fead9c40be0;
    %load/vec4 v0x7fead9c40e50_0;
    %flag_set/vec4 8;
    %jmp/0xz  T_3.0, 8;
    %pushi/vec4 0, 0, 6;
    %assign/vec4 v0x7fead9c40d80_0, 0;
    %jmp T_3.1;
T_3.0 ;
    %load/vec4 v0x7fead9c40cc0_0;
    %nor/r;
    %flag_set/vec4 8;
    %jmp/0xz  T_3.2, 8;
    %load/vec4 v0x7fead9c40d80_0;
    %addi 1, 0, 6;
    %assign/vec4 v0x7fead9c40d80_0, 0;
T_3.2 ;
T_3.1 ;
    %jmp T_3;
    .thread T_3;
    .scope S_0x7fead9c40030;
T_4 ;
Ewait_0 .event/or E_0x7fead9c401d0, E_0x0;
    %wait Ewait_0;
    %load/vec4 v0x7fead9c402d0_0;
    %dup/vec4;
    %pushi/vec4 0, 0, 6;
    %cmp/u;
    %jmp/1 T_4.0, 6;
    %dup/vec4;
    %pushi/vec4 1, 0, 6;
    %cmp/u;
    %jmp/1 T_4.1, 6;
    %dup/vec4;
    %pushi/vec4 2, 0, 6;
    %cmp/u;
    %jmp/1 T_4.2, 6;
    %dup/vec4;
    %pushi/vec4 3, 0, 6;
    %cmp/u;
    %jmp/1 T_4.3, 6;
    %dup/vec4;
    %pushi/vec4 4, 0, 6;
    %cmp/u;
    %jmp/1 T_4.4, 6;
    %dup/vec4;
    %pushi/vec4 5, 0, 6;
    %cmp/u;
    %jmp/1 T_4.5, 6;
    %dup/vec4;
    %pushi/vec4 6, 0, 6;
    %cmp/u;
    %jmp/1 T_4.6, 6;
    %jmp T_4.7;
T_4.0 ;
    %pushi/vec4 16553, 0, 16;
    %store/vec4 v0x7fead9c40200_0, 0, 16;
    %jmp T_4.7;
T_4.1 ;
    %pushi/vec4 20484, 0, 16;
    %store/vec4 v0x7fead9c40200_0, 0, 16;
    %jmp T_4.7;
T_4.2 ;
    %pushi/vec4 17750, 0, 16;
    %store/vec4 v0x7fead9c40200_0, 0, 16;
    %jmp T_4.7;
T_4.3 ;
    %pushi/vec4 21764, 0, 16;
    %store/vec4 v0x7fead9c40200_0, 0, 16;
    %jmp T_4.7;
T_4.4 ;
    %pushi/vec4 2053, 0, 16;
    %store/vec4 v0x7fead9c40200_0, 0, 16;
    %jmp T_4.7;
T_4.5 ;
    %pushi/vec4 0, 0, 16;
    %store/vec4 v0x7fead9c40200_0, 0, 16;
    %jmp T_4.7;
T_4.6 ;
    %pushi/vec4 1, 0, 16;
    %store/vec4 v0x7fead9c40200_0, 0, 16;
    %jmp T_4.7;
T_4.7 ;
    %pop/vec4 1;
    %jmp T_4;
    .thread T_4, $push;
    .scope S_0x7fead9c3f550;
T_5 ;
    %wait E_0x7fead9c3f850;
    %pushi/vec4 0, 0, 1;
    %store/vec4 v0x7fead9c3f9f0_0, 0, 1;
    %pushi/vec4 0, 0, 2;
    %store/vec4 v0x7fead9c3f880_0, 0, 2;
    %pushi/vec4 0, 0, 2;
    %store/vec4 v0x7fead9c3f940_0, 0, 2;
    %pushi/vec4 0, 0, 3;
    %store/vec4 v0x7fead9c3fcf0_0, 0, 3;
    %pushi/vec4 0, 0, 1;
    %store/vec4 v0x7fead9c3fe30_0, 0, 1;
    %pushi/vec4 0, 0, 2;
    %store/vec4 v0x7fead9c3fd90_0, 0, 2;
    %pushi/vec4 0, 0, 2;
    %store/vec4 v0x7fead9c3fb50_0, 0, 2;
    %pushi/vec4 0, 0, 8;
    %store/vec4 v0x7fead9c3faa0_0, 0, 8;
    %load/vec4 v0x7fead9c3fc40_0;
    %parti/s 3, 13, 5;
    %dup/vec4;
    %pushi/vec4 0, 0, 3;
    %cmp/u;
    %jmp/1 T_5.0, 6;
    %dup/vec4;
    %pushi/vec4 1, 0, 3;
    %cmp/u;
    %jmp/1 T_5.1, 6;
    %dup/vec4;
    %pushi/vec4 2, 0, 3;
    %cmp/u;
    %jmp/1 T_5.2, 6;
    %jmp T_5.3;
T_5.0 ;
    %load/vec4 v0x7fead9c3fc40_0;
    %parti/s 1, 2, 3;
    %dup/vec4;
    %pushi/vec4 0, 0, 1;
    %cmp/u;
    %jmp/1 T_5.4, 6;
    %dup/vec4;
    %pushi/vec4 1, 0, 1;
    %cmp/u;
    %jmp/1 T_5.5, 6;
    %jmp T_5.6;
T_5.4 ;
    %load/vec4 v0x7fead9c3fc40_0;
    %parti/s 1, 0, 2;
    %cmpi/e 0, 0, 1;
    %jmp/0xz  T_5.7, 4;
    %jmp T_5.8;
T_5.7 ;
    %pushi/vec4 1, 0, 1;
    %store/vec4 v0x7fead9c3f9f0_0, 0, 1;
T_5.8 ;
    %jmp T_5.6;
T_5.5 ;
    %load/vec4 v0x7fead9c3fc40_0;
    %parti/s 2, 10, 5;
    %store/vec4 v0x7fead9c3fd90_0, 0, 2;
    %pushi/vec4 1, 0, 1;
    %store/vec4 v0x7fead9c3fe30_0, 0, 1;
    %load/vec4 v0x7fead9c3fc40_0;
    %parti/s 2, 8, 5;
    %store/vec4 v0x7fead9c3f880_0, 0, 2;
    %load/vec4 v0x7fead9c3fc40_0;
    %parti/s 3, 4, 4;
    %store/vec4 v0x7fead9c3fcf0_0, 0, 3;
    %load/vec4 v0x7fead9c3fc40_0;
    %parti/s 2, 0, 2;
    %store/vec4 v0x7fead9c3f940_0, 0, 2;
    %jmp T_5.6;
T_5.6 ;
    %pop/vec4 1;
    %jmp T_5.3;
T_5.1 ;
    %load/vec4 v0x7fead9c3fc40_0;
    %parti/s 2, 10, 5;
    %store/vec4 v0x7fead9c3fd90_0, 0, 2;
    %pushi/vec4 1, 0, 1;
    %store/vec4 v0x7fead9c3fe30_0, 0, 1;
    %pushi/vec4 0, 0, 2;
    %load/vec4 v0x7fead9c3fc40_0;
    %parti/s 1, 12, 5;
    %concat/vec4; draw_concat_vec4
    %store/vec4 v0x7fead9c3fcf0_0, 0, 3;
    %load/vec4 v0x7fead9c3fc40_0;
    %parti/s 2, 8, 5;
    %store/vec4 v0x7fead9c3f880_0, 0, 2;
    %pushi/vec4 1, 0, 2;
    %store/vec4 v0x7fead9c3fb50_0, 0, 2;
    %jmp T_5.3;
T_5.2 ;
    %load/vec4 v0x7fead9c3fc40_0;
    %parti/s 1, 12, 5;
    %dup/vec4;
    %pushi/vec4 0, 0, 1;
    %cmp/u;
    %jmp/1 T_5.9, 6;
    %dup/vec4;
    %pushi/vec4 1, 0, 1;
    %cmp/u;
    %jmp/1 T_5.10, 6;
    %jmp T_5.11;
T_5.9 ;
    %load/vec4 v0x7fead9c3fc40_0;
    %parti/s 2, 10, 5;
    %store/vec4 v0x7fead9c3fd90_0, 0, 2;
    %pushi/vec4 1, 0, 1;
    %store/vec4 v0x7fead9c3fe30_0, 0, 1;
    %load/vec4 v0x7fead9c3fc40_0;
    %parti/s 2, 8, 5;
    %store/vec4 v0x7fead9c3f940_0, 0, 2;
    %pushi/vec4 2, 0, 3;
    %store/vec4 v0x7fead9c3fcf0_0, 0, 3;
    %pushi/vec4 2, 0, 2;
    %store/vec4 v0x7fead9c3fb50_0, 0, 2;
    %load/vec4 v0x7fead9c3fc40_0;
    %parti/s 8, 0, 2;
    %store/vec4 v0x7fead9c3faa0_0, 0, 8;
    %jmp T_5.11;
T_5.10 ;
    %load/vec4 v0x7fead9c3fc40_0;
    %parti/s 2, 10, 5;
    %store/vec4 v0x7fead9c3fd90_0, 0, 2;
    %pushi/vec4 1, 0, 1;
    %store/vec4 v0x7fead9c3fe30_0, 0, 1;
    %load/vec4 v0x7fead9c3fc40_0;
    %parti/s 2, 8, 5;
    %store/vec4 v0x7fead9c3f940_0, 0, 2;
    %pushi/vec4 2, 0, 3;
    %store/vec4 v0x7fead9c3fcf0_0, 0, 3;
    %pushi/vec4 3, 0, 2;
    %store/vec4 v0x7fead9c3fb50_0, 0, 2;
    %load/vec4 v0x7fead9c3fc40_0;
    %parti/s 8, 0, 2;
    %store/vec4 v0x7fead9c3faa0_0, 0, 8;
    %jmp T_5.11;
T_5.11 ;
    %pop/vec4 1;
    %jmp T_5.3;
T_5.3 ;
    %pop/vec4 1;
    %jmp T_5;
    .thread T_5, $push;
    .scope S_0x7fead9c292d0;
T_6 ;
    %delay 5, 0;
    %load/vec4 v0x7fead9c42b30_0;
    %inv;
    %store/vec4 v0x7fead9c42b30_0, 0, 1;
    %jmp T_6;
    .thread T_6;
    .scope S_0x7fead9c292d0;
T_7 ;
    %vpi_call/w 3 8 "$dumpfile", "pu.vcd" {0 0 0};
    %vpi_call/w 3 9 "$dumpvars", 32'sb00000000000000000000000000000000, S_0x7fead9c29f40 {0 0 0};
    %pushi/vec4 1, 0, 1;
    %store/vec4 v0x7fead9c42bc0_0, 0, 1;
    %pushi/vec4 0, 0, 1;
    %store/vec4 v0x7fead9c42b30_0, 0, 1;
    %delay 20, 0;
    %pushi/vec4 0, 0, 1;
    %store/vec4 v0x7fead9c42bc0_0, 0, 1;
    %delay 500, 0;
    %vpi_call/w 3 15 "$finish" {0 0 0};
    %end;
    .thread T_7;
# The file index is used to find the file name in the following table.
:file_names 11;
    "N/A";
    "<interactive>";
    "-";
    "test.v";
    "pu.v";
    "alu.v";
    "dec.v";
    "imem.v";
    "lidx.v";
    "pc.v";
    "rega.v";
